{
  "stats": {
    "suites": 73,
    "tests": 360,
    "passes": 355,
    "pending": 0,
    "failures": 5,
    "start": "2026-07-29T08:33:01.029Z",
    "end": "2026-07-29T08:33:01.116Z",
    "duration": 87,
    "testsRegistered": 360,
    "passPercent": 98.61111111111111,
    "pendingPercent": 0,
    "other": 0,
    "hasOther": false,
    "skipped": 0,
    "hasSkipped": false
  },
  "results": [
    {
      "uuid": "0f688058-59c3-4d41-9ed1-7ebd4e5f4b7b",
      "title": "",
      "fullFile": "C:\\Users\\thanv\\Downloads\\website\\website\\test\\performance.spec.js",
      "file": "\\test\\performance.spec.js",
      "beforeHooks": [],
      "afterHooks": [],
      "tests": [],
      "suites": [
        {
          "uuid": "229cef89-620e-4e84-b53b-0afde8fe0c90",
          "title": "UroSmart Enterprise Performance Validation Suite",
          "fullFile": "C:\\Users\\thanv\\Downloads\\website\\website\\test\\performance.spec.js",
          "file": "\\test\\performance.spec.js",
          "beforeHooks": [],
          "afterHooks": [],
          "tests": [],
          "suites": [
            {
              "uuid": "6a00dea8-7f31-4633-8996-9734f5b577bd",
              "title": "Index Page Load under 1 VU",
              "fullFile": "C:\\Users\\thanv\\Downloads\\website\\website\\test\\performance.spec.js",
              "file": "\\test\\performance.spec.js",
              "beforeHooks": [
                {
                  "title": "\"before all\" hook in \"Index Page Load under 1 VU\"",
                  "fullTitle": "UroSmart Enterprise Performance Validation Suite Index Page Load under 1 VU \"before all\" hook in \"Index Page Load under 1 VU\"",
                  "timedOut": false,
                  "duration": 5,
                  "state": null,
                  "speed": null,
                  "pass": false,
                  "fail": false,
                  "pending": false,
                  "context": null,
                  "code": "// Execute the load simulation once per group\nmetrics = await executeLoadSimulation(target, load.vus);",
                  "err": {},
                  "uuid": "621720fc-372e-44c0-8fd9-476b0f165af1",
                  "parentUUID": "6a00dea8-7f31-4633-8996-9734f5b577bd",
                  "isHook": true,
                  "skipped": false
                }
              ],
              "afterHooks": [
                {
                  "title": "\"after each\" hook in \"Index Page Load under 1 VU\"",
                  "fullTitle": "UroSmart Enterprise Performance Validation Suite Index Page Load under 1 VU \"after each\" hook in \"Index Page Load under 1 VU\"",
                  "timedOut": false,
                  "duration": 0,
                  "state": null,
                  "speed": null,
                  "pass": false,
                  "fail": false,
                  "pending": false,
                  "context": null,
                  "code": "if (this.currentTest.state === 'failed') {\n    const err = this.currentTest.err ? this.currentTest.err.message : 'Validation SLA failed';\n    console.error('\\n==================================================');\n    console.error('🚨 [SRE FAILURE CAPTURED]');\n    console.error(`Validation Case : ${this.currentTest.title}`);\n    console.error(`Execution Suite : ${this.currentTest.parent.title}`);\n    console.error(`Endpoint        : ${BASE_URL}/${target.endpoint}`);\n    console.error(`Method          : ${target.method}`);\n    console.error(`VUs (Load)      : ${load.vus}`);\n    console.error(`Failure Reason  : ${err}`);\n    if (metrics) {\n        console.error(`Metrics Captured:`);\n        console.error(`  - Avg Response Time: ${metrics.avgResponseTime.toFixed(2)} ms`);\n        console.error(`  - 95th Percentile  : ${metrics.p95ResponseTime.toFixed(2)} ms`);\n        console.error(`  - Error Rate       : ${(metrics.errorRate * 100).toFixed(2)}%`);\n        console.error(`  - Status Codes     : ${JSON.stringify(metrics.statusCodes)}`);\n        console.error(`  - DB Response Time : ${metrics.dbResponseTime.toFixed(2)} ms`);\n    }\n    console.error(`Timestamp       : ${new Date().toISOString()}`);\n    console.error('==================================================\\n');\n}",
                  "err": {},
                  "uuid": "3ecfdecf-9fd0-4dd2-85b9-16a47b2323c6",
                  "parentUUID": "6a00dea8-7f31-4633-8996-9734f5b577bd",
                  "isHook": true,
                  "skipped": false
                }
              ],
              "tests": [
                {
                  "title": "HTTP Status Validation",
                  "fullTitle": "UroSmart Enterprise Performance Validation Suite Index Page Load under 1 VU HTTP Status Validation",
                  "timedOut": false,
                  "duration": 0,
                  "state": "passed",
                  "speed": "fast",
                  "pass": true,
                  "fail": false,
                  "pending": false,
                  "context": null,
                  "code": "const validStatus = Object.keys(metrics.statusCodes).some(status => \n    status === '200' || status === '201' || status === '302'\n);\nexpect(validStatus, `Failed status code profile: ${JSON.stringify(metrics.statusCodes)}`).to.be.true;",
                  "err": {},
                  "uuid": "da198323-0220-4a31-a4e5-a85c5ef11ec8",
                  "parentUUID": "6a00dea8-7f31-4633-8996-9734f5b577bd",
                  "isHook": false,
                  "skipped": false
                },
                {
                  "title": "Response Time Validation",
                  "fullTitle": "UroSmart Enterprise Performance Validation Suite Index Page Load under 1 VU Response Time Validation",
                  "timedOut": false,
                  "duration": 0,
                  "state": "passed",
                  "speed": "fast",
                  "pass": true,
                  "fail": false,
                  "pending": false,
                  "context": null,
                  "code": "// Average response time must be under SLA (2000ms)\nexpect(metrics.avgResponseTime).to.be.below(2000, `Average response time of ${metrics.avgResponseTime.toFixed(1)}ms exceeded SLA`);",
                  "err": {},
                  "uuid": "ab03bc90-a5b3-4ad3-bc21-222f11ed34f1",
                  "parentUUID": "6a00dea8-7f31-4633-8996-9734f5b577bd",
                  "isHook": false,
                  "skipped": false
                },
                {
                  "title": "95th Percentile Validation",
                  "fullTitle": "UroSmart Enterprise Performance Validation Suite Index Page Load under 1 VU 95th Percentile Validation",
                  "timedOut": false,
                  "duration": 0,
                  "state": "passed",
                  "speed": "fast",
                  "pass": true,
                  "fail": false,
                  "pending": false,
                  "context": null,
                  "code": "// 95% of requests must complete under SLA (2000ms)\nexpect(metrics.p95ResponseTime).to.be.below(2000, `95th Percentile response time of ${metrics.p95ResponseTime.toFixed(1)}ms exceeded SLA`);",
                  "err": {},
                  "uuid": "71d48cea-89fc-41da-99cc-a53a71090eb1",
                  "parentUUID": "6a00dea8-7f31-4633-8996-9734f5b577bd",
                  "isHook": false,
                  "skipped": false
                },
                {
                  "title": "Error Rate Validation",
                  "fullTitle": "UroSmart Enterprise Performance Validation Suite Index Page Load under 1 VU Error Rate Validation",
                  "timedOut": false,
                  "duration": 0,
                  "state": "passed",
                  "speed": "fast",
                  "pass": true,
                  "fail": false,
                  "pending": false,
                  "context": null,
                  "code": "// Error rate must be less than 1% SLA\nexpect(metrics.errorRate).to.be.below(0.01, `Error rate of ${(metrics.errorRate * 100).toFixed(2)}% exceeded SLA`);",
                  "err": {},
                  "uuid": "9b50a384-73c5-4964-a5fa-c9435e06e44d",
                  "parentUUID": "6a00dea8-7f31-4633-8996-9734f5b577bd",
                  "isHook": false,
                  "skipped": false
                },
                {
                  "title": "Database Performance Validation",
                  "fullTitle": "UroSmart Enterprise Performance Validation Suite Index Page Load under 1 VU Database Performance Validation",
                  "timedOut": false,
                  "duration": 0,
                  "state": "passed",
                  "speed": "fast",
                  "pass": true,
                  "fail": false,
                  "pending": false,
                  "context": null,
                  "code": "// Simulated DB connection slice must be below 500ms\nexpect(metrics.dbResponseTime).to.be.below(500, `Database response slice of ${metrics.dbResponseTime.toFixed(1)}ms exceeded SLA`);",
                  "err": {},
                  "uuid": "8fbcc7ee-7e02-49c9-9294-414630aaa123",
                  "parentUUID": "6a00dea8-7f31-4633-8996-9734f5b577bd",
                  "isHook": false,
                  "skipped": false
                }
              ],
              "suites": [],
              "passes": [
                "da198323-0220-4a31-a4e5-a85c5ef11ec8",
                "ab03bc90-a5b3-4ad3-bc21-222f11ed34f1",
                "71d48cea-89fc-41da-99cc-a53a71090eb1",
                "9b50a384-73c5-4964-a5fa-c9435e06e44d",
                "8fbcc7ee-7e02-49c9-9294-414630aaa123"
              ],
              "failures": [],
              "pending": [],
              "skipped": [],
              "duration": 0,
              "root": false,
              "rootEmpty": false,
              "_timeout": 30000
            },
            {
              "uuid": "7d4d126d-ab92-45f9-aa75-175a5339af32",
              "title": "Index Page Load under 50 VUs",
              "fullFile": "C:\\Users\\thanv\\Downloads\\website\\website\\test\\performance.spec.js",
              "file": "\\test\\performance.spec.js",
              "beforeHooks": [
                {
                  "title": "\"before all\" hook in \"Index Page Load under 50 VUs\"",
                  "fullTitle": "UroSmart Enterprise Performance Validation Suite Index Page Load under 50 VUs \"before all\" hook in \"Index Page Load under 50 VUs\"",
                  "timedOut": false,
                  "duration": 1,
                  "state": null,
                  "speed": null,
                  "pass": false,
                  "fail": false,
                  "pending": false,
                  "context": null,
                  "code": "// Execute the load simulation once per group\nmetrics = await executeLoadSimulation(target, load.vus);",
                  "err": {},
                  "uuid": "a9ee0ef5-e416-404e-a04b-a154ad4bd6c4",
                  "parentUUID": "7d4d126d-ab92-45f9-aa75-175a5339af32",
                  "isHook": true,
                  "skipped": false
                }
              ],
              "afterHooks": [
                {
                  "title": "\"after each\" hook in \"Index Page Load under 50 VUs\"",
                  "fullTitle": "UroSmart Enterprise Performance Validation Suite Index Page Load under 50 VUs \"after each\" hook in \"Index Page Load under 50 VUs\"",
                  "timedOut": false,
                  "duration": 0,
                  "state": null,
                  "speed": null,
                  "pass": false,
                  "fail": false,
                  "pending": false,
                  "context": null,
                  "code": "if (this.currentTest.state === 'failed') {\n    const err = this.currentTest.err ? this.currentTest.err.message : 'Validation SLA failed';\n    console.error('\\n==================================================');\n    console.error('🚨 [SRE FAILURE CAPTURED]');\n    console.error(`Validation Case : ${this.currentTest.title}`);\n    console.error(`Execution Suite : ${this.currentTest.parent.title}`);\n    console.error(`Endpoint        : ${BASE_URL}/${target.endpoint}`);\n    console.error(`Method          : ${target.method}`);\n    console.error(`VUs (Load)      : ${load.vus}`);\n    console.error(`Failure Reason  : ${err}`);\n    if (metrics) {\n        console.error(`Metrics Captured:`);\n        console.error(`  - Avg Response Time: ${metrics.avgResponseTime.toFixed(2)} ms`);\n        console.error(`  - 95th Percentile  : ${metrics.p95ResponseTime.toFixed(2)} ms`);\n        console.error(`  - Error Rate       : ${(metrics.errorRate * 100).toFixed(2)}%`);\n        console.error(`  - Status Codes     : ${JSON.stringify(metrics.statusCodes)}`);\n        console.error(`  - DB Response Time : ${metrics.dbResponseTime.toFixed(2)} ms`);\n    }\n    console.error(`Timestamp       : ${new Date().toISOString()}`);\n    console.error('==================================================\\n');\n}",
                  "err": {},
                  "uuid": "d314b38d-bf2d-4a31-89a7-4f4a906b0a0f",
                  "parentUUID": "7d4d126d-ab92-45f9-aa75-175a5339af32",
                  "isHook": true,
                  "skipped": false
                }
              ],
              "tests": [
                {
                  "title": "HTTP Status Validation",
                  "fullTitle": "UroSmart Enterprise Performance Validation Suite Index Page Load under 50 VUs HTTP Status Validation",
                  "timedOut": false,
                  "duration": 0,
                  "state": "passed",
                  "speed": "fast",
                  "pass": true,
                  "fail": false,
                  "pending": false,
                  "context": null,
                  "code": "const validStatus = Object.keys(metrics.statusCodes).some(status => \n    status === '200' || status === '201' || status === '302'\n);\nexpect(validStatus, `Failed status code profile: ${JSON.stringify(metrics.statusCodes)}`).to.be.true;",
                  "err": {},
                  "uuid": "0e8d19c3-ff79-4a21-a689-3a2bf495fcae",
                  "parentUUID": "7d4d126d-ab92-45f9-aa75-175a5339af32",
                  "isHook": false,
                  "skipped": false
                },
                {
                  "title": "Response Time Validation",
                  "fullTitle": "UroSmart Enterprise Performance Validation Suite Index Page Load under 50 VUs Response Time Validation",
                  "timedOut": false,
                  "duration": 0,
                  "state": "passed",
                  "speed": "fast",
                  "pass": true,
                  "fail": false,
                  "pending": false,
                  "context": null,
                  "code": "// Average response time must be under SLA (2000ms)\nexpect(metrics.avgResponseTime).to.be.below(2000, `Average response time of ${metrics.avgResponseTime.toFixed(1)}ms exceeded SLA`);",
                  "err": {},
                  "uuid": "bc92a42f-48fe-4b22-bcb1-2af0dbfaaf1b",
                  "parentUUID": "7d4d126d-ab92-45f9-aa75-175a5339af32",
                  "isHook": false,
                  "skipped": false
                },
                {
                  "title": "95th Percentile Validation",
                  "fullTitle": "UroSmart Enterprise Performance Validation Suite Index Page Load under 50 VUs 95th Percentile Validation",
                  "timedOut": false,
                  "duration": 0,
                  "state": "passed",
                  "speed": "fast",
                  "pass": true,
                  "fail": false,
                  "pending": false,
                  "context": null,
                  "code": "// 95% of requests must complete under SLA (2000ms)\nexpect(metrics.p95ResponseTime).to.be.below(2000, `95th Percentile response time of ${metrics.p95ResponseTime.toFixed(1)}ms exceeded SLA`);",
                  "err": {},
                  "uuid": "fcce0d54-f17c-472a-923a-85cc5d74db17",
                  "parentUUID": "7d4d126d-ab92-45f9-aa75-175a5339af32",
                  "isHook": false,
                  "skipped": false
                },
                {
                  "title": "Error Rate Validation",
                  "fullTitle": "UroSmart Enterprise Performance Validation Suite Index Page Load under 50 VUs Error Rate Validation",
                  "timedOut": false,
                  "duration": 0,
                  "state": "passed",
                  "speed": "fast",
                  "pass": true,
                  "fail": false,
                  "pending": false,
                  "context": null,
                  "code": "// Error rate must be less than 1% SLA\nexpect(metrics.errorRate).to.be.below(0.01, `Error rate of ${(metrics.errorRate * 100).toFixed(2)}% exceeded SLA`);",
                  "err": {},
                  "uuid": "5aa670b5-1a7b-47f3-9aa6-ef0fe548c986",
                  "parentUUID": "7d4d126d-ab92-45f9-aa75-175a5339af32",
                  "isHook": false,
                  "skipped": false
                },
                {
                  "title": "Database Performance Validation",
                  "fullTitle": "UroSmart Enterprise Performance Validation Suite Index Page Load under 50 VUs Database Performance Validation",
                  "timedOut": false,
                  "duration": 0,
                  "state": "passed",
                  "speed": "fast",
                  "pass": true,
                  "fail": false,
                  "pending": false,
                  "context": null,
                  "code": "// Simulated DB connection slice must be below 500ms\nexpect(metrics.dbResponseTime).to.be.below(500, `Database response slice of ${metrics.dbResponseTime.toFixed(1)}ms exceeded SLA`);",
                  "err": {},
                  "uuid": "2cf6d670-923c-4799-ba32-0adfae8d23e9",
                  "parentUUID": "7d4d126d-ab92-45f9-aa75-175a5339af32",
                  "isHook": false,
                  "skipped": false
                }
              ],
              "suites": [],
              "passes": [
                "0e8d19c3-ff79-4a21-a689-3a2bf495fcae",
                "bc92a42f-48fe-4b22-bcb1-2af0dbfaaf1b",
                "fcce0d54-f17c-472a-923a-85cc5d74db17",
                "5aa670b5-1a7b-47f3-9aa6-ef0fe548c986",
                "2cf6d670-923c-4799-ba32-0adfae8d23e9"
              ],
              "failures": [],
              "pending": [],
              "skipped": [],
              "duration": 0,
              "root": false,
              "rootEmpty": false,
              "_timeout": 30000
            },
            {
              "uuid": "449eddaa-ff40-4f88-b107-98e9908657f9",
              "title": "Index Page Load under 100 VUs",
              "fullFile": "C:\\Users\\thanv\\Downloads\\website\\website\\test\\performance.spec.js",
              "file": "\\test\\performance.spec.js",
              "beforeHooks": [
                {
                  "title": "\"before all\" hook in \"Index Page Load under 100 VUs\"",
                  "fullTitle": "UroSmart Enterprise Performance Validation Suite Index Page Load under 100 VUs \"before all\" hook in \"Index Page Load under 100 VUs\"",
                  "timedOut": false,
                  "duration": 1,
                  "state": null,
                  "speed": null,
                  "pass": false,
                  "fail": false,
                  "pending": false,
                  "context": null,
                  "code": "// Execute the load simulation once per group\nmetrics = await executeLoadSimulation(target, load.vus);",
                  "err": {},
                  "uuid": "73e203a8-8967-437d-8c45-090bfe3cdc8b",
                  "parentUUID": "449eddaa-ff40-4f88-b107-98e9908657f9",
                  "isHook": true,
                  "skipped": false
                }
              ],
              "afterHooks": [
                {
                  "title": "\"after each\" hook in \"Index Page Load under 100 VUs\"",
                  "fullTitle": "UroSmart Enterprise Performance Validation Suite Index Page Load under 100 VUs \"after each\" hook in \"Index Page Load under 100 VUs\"",
                  "timedOut": false,
                  "duration": 0,
                  "state": null,
                  "speed": null,
                  "pass": false,
                  "fail": false,
                  "pending": false,
                  "context": null,
                  "code": "if (this.currentTest.state === 'failed') {\n    const err = this.currentTest.err ? this.currentTest.err.message : 'Validation SLA failed';\n    console.error('\\n==================================================');\n    console.error('🚨 [SRE FAILURE CAPTURED]');\n    console.error(`Validation Case : ${this.currentTest.title}`);\n    console.error(`Execution Suite : ${this.currentTest.parent.title}`);\n    console.error(`Endpoint        : ${BASE_URL}/${target.endpoint}`);\n    console.error(`Method          : ${target.method}`);\n    console.error(`VUs (Load)      : ${load.vus}`);\n    console.error(`Failure Reason  : ${err}`);\n    if (metrics) {\n        console.error(`Metrics Captured:`);\n        console.error(`  - Avg Response Time: ${metrics.avgResponseTime.toFixed(2)} ms`);\n        console.error(`  - 95th Percentile  : ${metrics.p95ResponseTime.toFixed(2)} ms`);\n        console.error(`  - Error Rate       : ${(metrics.errorRate * 100).toFixed(2)}%`);\n        console.error(`  - Status Codes     : ${JSON.stringify(metrics.statusCodes)}`);\n        console.error(`  - DB Response Time : ${metrics.dbResponseTime.toFixed(2)} ms`);\n    }\n    console.error(`Timestamp       : ${new Date().toISOString()}`);\n    console.error('==================================================\\n');\n}",
                  "err": {},
                  "uuid": "24bb741f-4b4d-4417-aea2-67812022e4ff",
                  "parentUUID": "449eddaa-ff40-4f88-b107-98e9908657f9",
                  "isHook": true,
                  "skipped": false
                }
              ],
              "tests": [
                {
                  "title": "HTTP Status Validation",
                  "fullTitle": "UroSmart Enterprise Performance Validation Suite Index Page Load under 100 VUs HTTP Status Validation",
                  "timedOut": false,
                  "duration": 0,
                  "state": "passed",
                  "speed": "fast",
                  "pass": true,
                  "fail": false,
                  "pending": false,
                  "context": null,
                  "code": "const validStatus = Object.keys(metrics.statusCodes).some(status => \n    status === '200' || status === '201' || status === '302'\n);\nexpect(validStatus, `Failed status code profile: ${JSON.stringify(metrics.statusCodes)}`).to.be.true;",
                  "err": {},
                  "uuid": "8329dd30-452e-42ce-a320-b74cf564cecd",
                  "parentUUID": "449eddaa-ff40-4f88-b107-98e9908657f9",
                  "isHook": false,
                  "skipped": false
                },
                {
                  "title": "Response Time Validation",
                  "fullTitle": "UroSmart Enterprise Performance Validation Suite Index Page Load under 100 VUs Response Time Validation",
                  "timedOut": false,
                  "duration": 0,
                  "state": "passed",
                  "speed": "fast",
                  "pass": true,
                  "fail": false,
                  "pending": false,
                  "context": null,
                  "code": "// Average response time must be under SLA (2000ms)\nexpect(metrics.avgResponseTime).to.be.below(2000, `Average response time of ${metrics.avgResponseTime.toFixed(1)}ms exceeded SLA`);",
                  "err": {},
                  "uuid": "0389d716-0336-4810-9a0a-31525e333170",
                  "parentUUID": "449eddaa-ff40-4f88-b107-98e9908657f9",
                  "isHook": false,
                  "skipped": false
                },
                {
                  "title": "95th Percentile Validation",
                  "fullTitle": "UroSmart Enterprise Performance Validation Suite Index Page Load under 100 VUs 95th Percentile Validation",
                  "timedOut": false,
                  "duration": 0,
                  "state": "passed",
                  "speed": "fast",
                  "pass": true,
                  "fail": false,
                  "pending": false,
                  "context": null,
                  "code": "// 95% of requests must complete under SLA (2000ms)\nexpect(metrics.p95ResponseTime).to.be.below(2000, `95th Percentile response time of ${metrics.p95ResponseTime.toFixed(1)}ms exceeded SLA`);",
                  "err": {},
                  "uuid": "771f2b7b-d820-4e42-a39b-4840a5b00aa9",
                  "parentUUID": "449eddaa-ff40-4f88-b107-98e9908657f9",
                  "isHook": false,
                  "skipped": false
                },
                {
                  "title": "Error Rate Validation",
                  "fullTitle": "UroSmart Enterprise Performance Validation Suite Index Page Load under 100 VUs Error Rate Validation",
                  "timedOut": false,
                  "duration": 0,
                  "state": "passed",
                  "speed": "fast",
                  "pass": true,
                  "fail": false,
                  "pending": false,
                  "context": null,
                  "code": "// Error rate must be less than 1% SLA\nexpect(metrics.errorRate).to.be.below(0.01, `Error rate of ${(metrics.errorRate * 100).toFixed(2)}% exceeded SLA`);",
                  "err": {},
                  "uuid": "8bdfeaf0-1c71-410f-8ffc-08f21d037dfa",
                  "parentUUID": "449eddaa-ff40-4f88-b107-98e9908657f9",
                  "isHook": false,
                  "skipped": false
                },
                {
                  "title": "Database Performance Validation",
                  "fullTitle": "UroSmart Enterprise Performance Validation Suite Index Page Load under 100 VUs Database Performance Validation",
                  "timedOut": false,
                  "duration": 0,
                  "state": "passed",
                  "speed": "fast",
                  "pass": true,
                  "fail": false,
                  "pending": false,
                  "context": null,
                  "code": "// Simulated DB connection slice must be below 500ms\nexpect(metrics.dbResponseTime).to.be.below(500, `Database response slice of ${metrics.dbResponseTime.toFixed(1)}ms exceeded SLA`);",
                  "err": {},
                  "uuid": "3ea76d22-554e-4815-87f1-021950ed6155",
                  "parentUUID": "449eddaa-ff40-4f88-b107-98e9908657f9",
                  "isHook": false,
                  "skipped": false
                }
              ],
              "suites": [],
              "passes": [
                "8329dd30-452e-42ce-a320-b74cf564cecd",
                "0389d716-0336-4810-9a0a-31525e333170",
                "771f2b7b-d820-4e42-a39b-4840a5b00aa9",
                "8bdfeaf0-1c71-410f-8ffc-08f21d037dfa",
                "3ea76d22-554e-4815-87f1-021950ed6155"
              ],
              "failures": [],
              "pending": [],
              "skipped": [],
              "duration": 0,
              "root": false,
              "rootEmpty": false,
              "_timeout": 30000
            },
            {
              "uuid": "fe6ce485-bfb3-4b14-a10c-856f1a2d2366",
              "title": "Index Page Load under 500 VUs",
              "fullFile": "C:\\Users\\thanv\\Downloads\\website\\website\\test\\performance.spec.js",
              "file": "\\test\\performance.spec.js",
              "beforeHooks": [
                {
                  "title": "\"before all\" hook in \"Index Page Load under 500 VUs\"",
                  "fullTitle": "UroSmart Enterprise Performance Validation Suite Index Page Load under 500 VUs \"before all\" hook in \"Index Page Load under 500 VUs\"",
                  "timedOut": false,
                  "duration": 1,
                  "state": null,
                  "speed": null,
                  "pass": false,
                  "fail": false,
                  "pending": false,
                  "context": null,
                  "code": "// Execute the load simulation once per group\nmetrics = await executeLoadSimulation(target, load.vus);",
                  "err": {},
                  "uuid": "491ce9fa-b588-459c-a397-99ab592cac3a",
                  "parentUUID": "fe6ce485-bfb3-4b14-a10c-856f1a2d2366",
                  "isHook": true,
                  "skipped": false
                }
              ],
              "afterHooks": [
                {
                  "title": "\"after each\" hook in \"Index Page Load under 500 VUs\"",
                  "fullTitle": "UroSmart Enterprise Performance Validation Suite Index Page Load under 500 VUs \"after each\" hook in \"Index Page Load under 500 VUs\"",
                  "timedOut": false,
                  "duration": 0,
                  "state": null,
                  "speed": null,
                  "pass": false,
                  "fail": false,
                  "pending": false,
                  "context": null,
                  "code": "if (this.currentTest.state === 'failed') {\n    const err = this.currentTest.err ? this.currentTest.err.message : 'Validation SLA failed';\n    console.error('\\n==================================================');\n    console.error('🚨 [SRE FAILURE CAPTURED]');\n    console.error(`Validation Case : ${this.currentTest.title}`);\n    console.error(`Execution Suite : ${this.currentTest.parent.title}`);\n    console.error(`Endpoint        : ${BASE_URL}/${target.endpoint}`);\n    console.error(`Method          : ${target.method}`);\n    console.error(`VUs (Load)      : ${load.vus}`);\n    console.error(`Failure Reason  : ${err}`);\n    if (metrics) {\n        console.error(`Metrics Captured:`);\n        console.error(`  - Avg Response Time: ${metrics.avgResponseTime.toFixed(2)} ms`);\n        console.error(`  - 95th Percentile  : ${metrics.p95ResponseTime.toFixed(2)} ms`);\n        console.error(`  - Error Rate       : ${(metrics.errorRate * 100).toFixed(2)}%`);\n        console.error(`  - Status Codes     : ${JSON.stringify(metrics.statusCodes)}`);\n        console.error(`  - DB Response Time : ${metrics.dbResponseTime.toFixed(2)} ms`);\n    }\n    console.error(`Timestamp       : ${new Date().toISOString()}`);\n    console.error('==================================================\\n');\n}",
                  "err": {},
                  "uuid": "68fc7d0a-2ec9-45c0-86cd-7779e605984b",
                  "parentUUID": "fe6ce485-bfb3-4b14-a10c-856f1a2d2366",
                  "isHook": true,
                  "skipped": false
                }
              ],
              "tests": [
                {
                  "title": "HTTP Status Validation",
                  "fullTitle": "UroSmart Enterprise Performance Validation Suite Index Page Load under 500 VUs HTTP Status Validation",
                  "timedOut": false,
                  "duration": 0,
                  "state": "passed",
                  "speed": "fast",
                  "pass": true,
                  "fail": false,
                  "pending": false,
                  "context": null,
                  "code": "const validStatus = Object.keys(metrics.statusCodes).some(status => \n    status === '200' || status === '201' || status === '302'\n);\nexpect(validStatus, `Failed status code profile: ${JSON.stringify(metrics.statusCodes)}`).to.be.true;",
                  "err": {},
                  "uuid": "21a067c3-b9d1-49b5-8b6e-140e2f03c867",
                  "parentUUID": "fe6ce485-bfb3-4b14-a10c-856f1a2d2366",
                  "isHook": false,
                  "skipped": false
                },
                {
                  "title": "Response Time Validation",
                  "fullTitle": "UroSmart Enterprise Performance Validation Suite Index Page Load under 500 VUs Response Time Validation",
                  "timedOut": false,
                  "duration": 0,
                  "state": "passed",
                  "speed": "fast",
                  "pass": true,
                  "fail": false,
                  "pending": false,
                  "context": null,
                  "code": "// Average response time must be under SLA (2000ms)\nexpect(metrics.avgResponseTime).to.be.below(2000, `Average response time of ${metrics.avgResponseTime.toFixed(1)}ms exceeded SLA`);",
                  "err": {},
                  "uuid": "bb366b7a-a323-4cd3-a40c-9cbed8c26670",
                  "parentUUID": "fe6ce485-bfb3-4b14-a10c-856f1a2d2366",
                  "isHook": false,
                  "skipped": false
                },
                {
                  "title": "95th Percentile Validation",
                  "fullTitle": "UroSmart Enterprise Performance Validation Suite Index Page Load under 500 VUs 95th Percentile Validation",
                  "timedOut": false,
                  "duration": 0,
                  "state": "passed",
                  "speed": "fast",
                  "pass": true,
                  "fail": false,
                  "pending": false,
                  "context": null,
                  "code": "// 95% of requests must complete under SLA (2000ms)\nexpect(metrics.p95ResponseTime).to.be.below(2000, `95th Percentile response time of ${metrics.p95ResponseTime.toFixed(1)}ms exceeded SLA`);",
                  "err": {},
                  "uuid": "8f4b369a-72cf-493b-b0ba-69f0e9275f12",
                  "parentUUID": "fe6ce485-bfb3-4b14-a10c-856f1a2d2366",
                  "isHook": false,
                  "skipped": false
                },
                {
                  "title": "Error Rate Validation",
                  "fullTitle": "UroSmart Enterprise Performance Validation Suite Index Page Load under 500 VUs Error Rate Validation",
                  "timedOut": false,
                  "duration": 0,
                  "state": "passed",
                  "speed": "fast",
                  "pass": true,
                  "fail": false,
                  "pending": false,
                  "context": null,
                  "code": "// Error rate must be less than 1% SLA\nexpect(metrics.errorRate).to.be.below(0.01, `Error rate of ${(metrics.errorRate * 100).toFixed(2)}% exceeded SLA`);",
                  "err": {},
                  "uuid": "d5da493c-af57-4444-b9fd-22c4692e21e4",
                  "parentUUID": "fe6ce485-bfb3-4b14-a10c-856f1a2d2366",
                  "isHook": false,
                  "skipped": false
                },
                {
                  "title": "Database Performance Validation",
                  "fullTitle": "UroSmart Enterprise Performance Validation Suite Index Page Load under 500 VUs Database Performance Validation",
                  "timedOut": false,
                  "duration": 0,
                  "state": "passed",
                  "speed": "fast",
                  "pass": true,
                  "fail": false,
                  "pending": false,
                  "context": null,
                  "code": "// Simulated DB connection slice must be below 500ms\nexpect(metrics.dbResponseTime).to.be.below(500, `Database response slice of ${metrics.dbResponseTime.toFixed(1)}ms exceeded SLA`);",
                  "err": {},
                  "uuid": "234a1786-b728-4b29-bd7e-5d70b383746c",
                  "parentUUID": "fe6ce485-bfb3-4b14-a10c-856f1a2d2366",
                  "isHook": false,
                  "skipped": false
                }
              ],
              "suites": [],
              "passes": [
                "21a067c3-b9d1-49b5-8b6e-140e2f03c867",
                "bb366b7a-a323-4cd3-a40c-9cbed8c26670",
                "8f4b369a-72cf-493b-b0ba-69f0e9275f12",
                "d5da493c-af57-4444-b9fd-22c4692e21e4",
                "234a1786-b728-4b29-bd7e-5d70b383746c"
              ],
              "failures": [],
              "pending": [],
              "skipped": [],
              "duration": 0,
              "root": false,
              "rootEmpty": false,
              "_timeout": 30000
            },
            {
              "uuid": "fca80f4b-2d99-4d54-8398-30a066861425",
              "title": "Permission Page Load under 1 VU",
              "fullFile": "C:\\Users\\thanv\\Downloads\\website\\website\\test\\performance.spec.js",
              "file": "\\test\\performance.spec.js",
              "beforeHooks": [
                {
                  "title": "\"before all\" hook in \"Permission Page Load under 1 VU\"",
                  "fullTitle": "UroSmart Enterprise Performance Validation Suite Permission Page Load under 1 VU \"before all\" hook in \"Permission Page Load under 1 VU\"",
                  "timedOut": false,
                  "duration": 0,
                  "state": null,
                  "speed": null,
                  "pass": false,
                  "fail": false,
                  "pending": false,
                  "context": null,
                  "code": "// Execute the load simulation once per group\nmetrics = await executeLoadSimulation(target, load.vus);",
                  "err": {},
                  "uuid": "c3630911-0363-4dc0-b091-ac2c77272858",
                  "parentUUID": "fca80f4b-2d99-4d54-8398-30a066861425",
                  "isHook": true,
                  "skipped": false
                }
              ],
              "afterHooks": [
                {
                  "title": "\"after each\" hook in \"Permission Page Load under 1 VU\"",
                  "fullTitle": "UroSmart Enterprise Performance Validation Suite Permission Page Load under 1 VU \"after each\" hook in \"Permission Page Load under 1 VU\"",
                  "timedOut": false,
                  "duration": 0,
                  "state": null,
                  "speed": null,
                  "pass": false,
                  "fail": false,
                  "pending": false,
                  "context": null,
                  "code": "if (this.currentTest.state === 'failed') {\n    const err = this.currentTest.err ? this.currentTest.err.message : 'Validation SLA failed';\n    console.error('\\n==================================================');\n    console.error('🚨 [SRE FAILURE CAPTURED]');\n    console.error(`Validation Case : ${this.currentTest.title}`);\n    console.error(`Execution Suite : ${this.currentTest.parent.title}`);\n    console.error(`Endpoint        : ${BASE_URL}/${target.endpoint}`);\n    console.error(`Method          : ${target.method}`);\n    console.error(`VUs (Load)      : ${load.vus}`);\n    console.error(`Failure Reason  : ${err}`);\n    if (metrics) {\n        console.error(`Metrics Captured:`);\n        console.error(`  - Avg Response Time: ${metrics.avgResponseTime.toFixed(2)} ms`);\n        console.error(`  - 95th Percentile  : ${metrics.p95ResponseTime.toFixed(2)} ms`);\n        console.error(`  - Error Rate       : ${(metrics.errorRate * 100).toFixed(2)}%`);\n        console.error(`  - Status Codes     : ${JSON.stringify(metrics.statusCodes)}`);\n        console.error(`  - DB Response Time : ${metrics.dbResponseTime.toFixed(2)} ms`);\n    }\n    console.error(`Timestamp       : ${new Date().toISOString()}`);\n    console.error('==================================================\\n');\n}",
                  "err": {},
                  "uuid": "3e129101-04b0-4a59-9ccc-bb108b098cce",
                  "parentUUID": "fca80f4b-2d99-4d54-8398-30a066861425",
                  "isHook": true,
                  "skipped": false
                }
              ],
              "tests": [
                {
                  "title": "HTTP Status Validation",
                  "fullTitle": "UroSmart Enterprise Performance Validation Suite Permission Page Load under 1 VU HTTP Status Validation",
                  "timedOut": false,
                  "duration": 0,
                  "state": "passed",
                  "speed": "fast",
                  "pass": true,
                  "fail": false,
                  "pending": false,
                  "context": null,
                  "code": "const validStatus = Object.keys(metrics.statusCodes).some(status => \n    status === '200' || status === '201' || status === '302'\n);\nexpect(validStatus, `Failed status code profile: ${JSON.stringify(metrics.statusCodes)}`).to.be.true;",
                  "err": {},
                  "uuid": "f6c811c1-39fa-4651-bc76-31f77a207bdb",
                  "parentUUID": "fca80f4b-2d99-4d54-8398-30a066861425",
                  "isHook": false,
                  "skipped": false
                },
                {
                  "title": "Response Time Validation",
                  "fullTitle": "UroSmart Enterprise Performance Validation Suite Permission Page Load under 1 VU Response Time Validation",
                  "timedOut": false,
                  "duration": 0,
                  "state": "passed",
                  "speed": "fast",
                  "pass": true,
                  "fail": false,
                  "pending": false,
                  "context": null,
                  "code": "// Average response time must be under SLA (2000ms)\nexpect(metrics.avgResponseTime).to.be.below(2000, `Average response time of ${metrics.avgResponseTime.toFixed(1)}ms exceeded SLA`);",
                  "err": {},
                  "uuid": "859d883f-7e73-4694-b6dd-2f3ac9a850ae",
                  "parentUUID": "fca80f4b-2d99-4d54-8398-30a066861425",
                  "isHook": false,
                  "skipped": false
                },
                {
                  "title": "95th Percentile Validation",
                  "fullTitle": "UroSmart Enterprise Performance Validation Suite Permission Page Load under 1 VU 95th Percentile Validation",
                  "timedOut": false,
                  "duration": 0,
                  "state": "passed",
                  "speed": "fast",
                  "pass": true,
                  "fail": false,
                  "pending": false,
                  "context": null,
                  "code": "// 95% of requests must complete under SLA (2000ms)\nexpect(metrics.p95ResponseTime).to.be.below(2000, `95th Percentile response time of ${metrics.p95ResponseTime.toFixed(1)}ms exceeded SLA`);",
                  "err": {},
                  "uuid": "daf11b21-a8cc-4515-a5d3-65fbe99701c1",
                  "parentUUID": "fca80f4b-2d99-4d54-8398-30a066861425",
                  "isHook": false,
                  "skipped": false
                },
                {
                  "title": "Error Rate Validation",
                  "fullTitle": "UroSmart Enterprise Performance Validation Suite Permission Page Load under 1 VU Error Rate Validation",
                  "timedOut": false,
                  "duration": 0,
                  "state": "passed",
                  "speed": "fast",
                  "pass": true,
                  "fail": false,
                  "pending": false,
                  "context": null,
                  "code": "// Error rate must be less than 1% SLA\nexpect(metrics.errorRate).to.be.below(0.01, `Error rate of ${(metrics.errorRate * 100).toFixed(2)}% exceeded SLA`);",
                  "err": {},
                  "uuid": "6790741f-89be-41c2-bbf1-de033ad43d97",
                  "parentUUID": "fca80f4b-2d99-4d54-8398-30a066861425",
                  "isHook": false,
                  "skipped": false
                },
                {
                  "title": "Database Performance Validation",
                  "fullTitle": "UroSmart Enterprise Performance Validation Suite Permission Page Load under 1 VU Database Performance Validation",
                  "timedOut": false,
                  "duration": 0,
                  "state": "passed",
                  "speed": "fast",
                  "pass": true,
                  "fail": false,
                  "pending": false,
                  "context": null,
                  "code": "// Simulated DB connection slice must be below 500ms\nexpect(metrics.dbResponseTime).to.be.below(500, `Database response slice of ${metrics.dbResponseTime.toFixed(1)}ms exceeded SLA`);",
                  "err": {},
                  "uuid": "120084e9-2b98-4630-8585-75eb942d0efb",
                  "parentUUID": "fca80f4b-2d99-4d54-8398-30a066861425",
                  "isHook": false,
                  "skipped": false
                }
              ],
              "suites": [],
              "passes": [
                "f6c811c1-39fa-4651-bc76-31f77a207bdb",
                "859d883f-7e73-4694-b6dd-2f3ac9a850ae",
                "daf11b21-a8cc-4515-a5d3-65fbe99701c1",
                "6790741f-89be-41c2-bbf1-de033ad43d97",
                "120084e9-2b98-4630-8585-75eb942d0efb"
              ],
              "failures": [],
              "pending": [],
              "skipped": [],
              "duration": 0,
              "root": false,
              "rootEmpty": false,
              "_timeout": 30000
            },
            {
              "uuid": "f593dacb-71e0-4f9e-99d2-b553920c2152",
              "title": "Permission Page Load under 50 VUs",
              "fullFile": "C:\\Users\\thanv\\Downloads\\website\\website\\test\\performance.spec.js",
              "file": "\\test\\performance.spec.js",
              "beforeHooks": [
                {
                  "title": "\"before all\" hook in \"Permission Page Load under 50 VUs\"",
                  "fullTitle": "UroSmart Enterprise Performance Validation Suite Permission Page Load under 50 VUs \"before all\" hook in \"Permission Page Load under 50 VUs\"",
                  "timedOut": false,
                  "duration": 0,
                  "state": null,
                  "speed": null,
                  "pass": false,
                  "fail": false,
                  "pending": false,
                  "context": null,
                  "code": "// Execute the load simulation once per group\nmetrics = await executeLoadSimulation(target, load.vus);",
                  "err": {},
                  "uuid": "d7a3fab9-b8ce-4676-9314-d6c234bb0c0a",
                  "parentUUID": "f593dacb-71e0-4f9e-99d2-b553920c2152",
                  "isHook": true,
                  "skipped": false
                }
              ],
              "afterHooks": [
                {
                  "title": "\"after each\" hook in \"Permission Page Load under 50 VUs\"",
                  "fullTitle": "UroSmart Enterprise Performance Validation Suite Permission Page Load under 50 VUs \"after each\" hook in \"Permission Page Load under 50 VUs\"",
                  "timedOut": false,
                  "duration": 0,
                  "state": null,
                  "speed": null,
                  "pass": false,
                  "fail": false,
                  "pending": false,
                  "context": null,
                  "code": "if (this.currentTest.state === 'failed') {\n    const err = this.currentTest.err ? this.currentTest.err.message : 'Validation SLA failed';\n    console.error('\\n==================================================');\n    console.error('🚨 [SRE FAILURE CAPTURED]');\n    console.error(`Validation Case : ${this.currentTest.title}`);\n    console.error(`Execution Suite : ${this.currentTest.parent.title}`);\n    console.error(`Endpoint        : ${BASE_URL}/${target.endpoint}`);\n    console.error(`Method          : ${target.method}`);\n    console.error(`VUs (Load)      : ${load.vus}`);\n    console.error(`Failure Reason  : ${err}`);\n    if (metrics) {\n        console.error(`Metrics Captured:`);\n        console.error(`  - Avg Response Time: ${metrics.avgResponseTime.toFixed(2)} ms`);\n        console.error(`  - 95th Percentile  : ${metrics.p95ResponseTime.toFixed(2)} ms`);\n        console.error(`  - Error Rate       : ${(metrics.errorRate * 100).toFixed(2)}%`);\n        console.error(`  - Status Codes     : ${JSON.stringify(metrics.statusCodes)}`);\n        console.error(`  - DB Response Time : ${metrics.dbResponseTime.toFixed(2)} ms`);\n    }\n    console.error(`Timestamp       : ${new Date().toISOString()}`);\n    console.error('==================================================\\n');\n}",
                  "err": {},
                  "uuid": "ddedb259-e636-4b7f-86bc-d59f3bfbd733",
                  "parentUUID": "f593dacb-71e0-4f9e-99d2-b553920c2152",
                  "isHook": true,
                  "skipped": false
                }
              ],
              "tests": [
                {
                  "title": "HTTP Status Validation",
                  "fullTitle": "UroSmart Enterprise Performance Validation Suite Permission Page Load under 50 VUs HTTP Status Validation",
                  "timedOut": false,
                  "duration": 0,
                  "state": "passed",
                  "speed": "fast",
                  "pass": true,
                  "fail": false,
                  "pending": false,
                  "context": null,
                  "code": "const validStatus = Object.keys(metrics.statusCodes).some(status => \n    status === '200' || status === '201' || status === '302'\n);\nexpect(validStatus, `Failed status code profile: ${JSON.stringify(metrics.statusCodes)}`).to.be.true;",
                  "err": {},
                  "uuid": "6a372d78-44fb-42e8-ad5d-7b0d9d28ae5d",
                  "parentUUID": "f593dacb-71e0-4f9e-99d2-b553920c2152",
                  "isHook": false,
                  "skipped": false
                },
                {
                  "title": "Response Time Validation",
                  "fullTitle": "UroSmart Enterprise Performance Validation Suite Permission Page Load under 50 VUs Response Time Validation",
                  "timedOut": false,
                  "duration": 0,
                  "state": "passed",
                  "speed": "fast",
                  "pass": true,
                  "fail": false,
                  "pending": false,
                  "context": null,
                  "code": "// Average response time must be under SLA (2000ms)\nexpect(metrics.avgResponseTime).to.be.below(2000, `Average response time of ${metrics.avgResponseTime.toFixed(1)}ms exceeded SLA`);",
                  "err": {},
                  "uuid": "c77297cc-e061-471a-a2ba-15b00103db29",
                  "parentUUID": "f593dacb-71e0-4f9e-99d2-b553920c2152",
                  "isHook": false,
                  "skipped": false
                },
                {
                  "title": "95th Percentile Validation",
                  "fullTitle": "UroSmart Enterprise Performance Validation Suite Permission Page Load under 50 VUs 95th Percentile Validation",
                  "timedOut": false,
                  "duration": 0,
                  "state": "passed",
                  "speed": "fast",
                  "pass": true,
                  "fail": false,
                  "pending": false,
                  "context": null,
                  "code": "// 95% of requests must complete under SLA (2000ms)\nexpect(metrics.p95ResponseTime).to.be.below(2000, `95th Percentile response time of ${metrics.p95ResponseTime.toFixed(1)}ms exceeded SLA`);",
                  "err": {},
                  "uuid": "982974cf-6eab-42db-9ab4-554d7cf1b5c7",
                  "parentUUID": "f593dacb-71e0-4f9e-99d2-b553920c2152",
                  "isHook": false,
                  "skipped": false
                },
                {
                  "title": "Error Rate Validation",
                  "fullTitle": "UroSmart Enterprise Performance Validation Suite Permission Page Load under 50 VUs Error Rate Validation",
                  "timedOut": false,
                  "duration": 0,
                  "state": "passed",
                  "speed": "fast",
                  "pass": true,
                  "fail": false,
                  "pending": false,
                  "context": null,
                  "code": "// Error rate must be less than 1% SLA\nexpect(metrics.errorRate).to.be.below(0.01, `Error rate of ${(metrics.errorRate * 100).toFixed(2)}% exceeded SLA`);",
                  "err": {},
                  "uuid": "1954d285-c213-402a-8b29-f0b412414efa",
                  "parentUUID": "f593dacb-71e0-4f9e-99d2-b553920c2152",
                  "isHook": false,
                  "skipped": false
                },
                {
                  "title": "Database Performance Validation",
                  "fullTitle": "UroSmart Enterprise Performance Validation Suite Permission Page Load under 50 VUs Database Performance Validation",
                  "timedOut": false,
                  "duration": 0,
                  "state": "passed",
                  "speed": "fast",
                  "pass": true,
                  "fail": false,
                  "pending": false,
                  "context": null,
                  "code": "// Simulated DB connection slice must be below 500ms\nexpect(metrics.dbResponseTime).to.be.below(500, `Database response slice of ${metrics.dbResponseTime.toFixed(1)}ms exceeded SLA`);",
                  "err": {},
                  "uuid": "aea6714a-c53c-4aa3-98b1-bd198016bd66",
                  "parentUUID": "f593dacb-71e0-4f9e-99d2-b553920c2152",
                  "isHook": false,
                  "skipped": false
                }
              ],
              "suites": [],
              "passes": [
                "6a372d78-44fb-42e8-ad5d-7b0d9d28ae5d",
                "c77297cc-e061-471a-a2ba-15b00103db29",
                "982974cf-6eab-42db-9ab4-554d7cf1b5c7",
                "1954d285-c213-402a-8b29-f0b412414efa",
                "aea6714a-c53c-4aa3-98b1-bd198016bd66"
              ],
              "failures": [],
              "pending": [],
              "skipped": [],
              "duration": 0,
              "root": false,
              "rootEmpty": false,
              "_timeout": 30000
            },
            {
              "uuid": "cfc31a92-f504-4813-b3d4-685a5a3eda55",
              "title": "Permission Page Load under 100 VUs",
              "fullFile": "C:\\Users\\thanv\\Downloads\\website\\website\\test\\performance.spec.js",
              "file": "\\test\\performance.spec.js",
              "beforeHooks": [
                {
                  "title": "\"before all\" hook in \"Permission Page Load under 100 VUs\"",
                  "fullTitle": "UroSmart Enterprise Performance Validation Suite Permission Page Load under 100 VUs \"before all\" hook in \"Permission Page Load under 100 VUs\"",
                  "timedOut": false,
                  "duration": 1,
                  "state": null,
                  "speed": null,
                  "pass": false,
                  "fail": false,
                  "pending": false,
                  "context": null,
                  "code": "// Execute the load simulation once per group\nmetrics = await executeLoadSimulation(target, load.vus);",
                  "err": {},
                  "uuid": "10050647-c4ae-450c-90e6-d11dedc0953f",
                  "parentUUID": "cfc31a92-f504-4813-b3d4-685a5a3eda55",
                  "isHook": true,
                  "skipped": false
                }
              ],
              "afterHooks": [
                {
                  "title": "\"after each\" hook in \"Permission Page Load under 100 VUs\"",
                  "fullTitle": "UroSmart Enterprise Performance Validation Suite Permission Page Load under 100 VUs \"after each\" hook in \"Permission Page Load under 100 VUs\"",
                  "timedOut": false,
                  "duration": 0,
                  "state": null,
                  "speed": null,
                  "pass": false,
                  "fail": false,
                  "pending": false,
                  "context": null,
                  "code": "if (this.currentTest.state === 'failed') {\n    const err = this.currentTest.err ? this.currentTest.err.message : 'Validation SLA failed';\n    console.error('\\n==================================================');\n    console.error('🚨 [SRE FAILURE CAPTURED]');\n    console.error(`Validation Case : ${this.currentTest.title}`);\n    console.error(`Execution Suite : ${this.currentTest.parent.title}`);\n    console.error(`Endpoint        : ${BASE_URL}/${target.endpoint}`);\n    console.error(`Method          : ${target.method}`);\n    console.error(`VUs (Load)      : ${load.vus}`);\n    console.error(`Failure Reason  : ${err}`);\n    if (metrics) {\n        console.error(`Metrics Captured:`);\n        console.error(`  - Avg Response Time: ${metrics.avgResponseTime.toFixed(2)} ms`);\n        console.error(`  - 95th Percentile  : ${metrics.p95ResponseTime.toFixed(2)} ms`);\n        console.error(`  - Error Rate       : ${(metrics.errorRate * 100).toFixed(2)}%`);\n        console.error(`  - Status Codes     : ${JSON.stringify(metrics.statusCodes)}`);\n        console.error(`  - DB Response Time : ${metrics.dbResponseTime.toFixed(2)} ms`);\n    }\n    console.error(`Timestamp       : ${new Date().toISOString()}`);\n    console.error('==================================================\\n');\n}",
                  "err": {},
                  "uuid": "bb4e9a03-8c22-4ceb-b40a-b9045b7d8a00",
                  "parentUUID": "cfc31a92-f504-4813-b3d4-685a5a3eda55",
                  "isHook": true,
                  "skipped": false
                }
              ],
              "tests": [
                {
                  "title": "HTTP Status Validation",
                  "fullTitle": "UroSmart Enterprise Performance Validation Suite Permission Page Load under 100 VUs HTTP Status Validation",
                  "timedOut": false,
                  "duration": 0,
                  "state": "passed",
                  "speed": "fast",
                  "pass": true,
                  "fail": false,
                  "pending": false,
                  "context": null,
                  "code": "const validStatus = Object.keys(metrics.statusCodes).some(status => \n    status === '200' || status === '201' || status === '302'\n);\nexpect(validStatus, `Failed status code profile: ${JSON.stringify(metrics.statusCodes)}`).to.be.true;",
                  "err": {},
                  "uuid": "717b6f7e-3f23-4a49-b7ab-92ff825a3e9a",
                  "parentUUID": "cfc31a92-f504-4813-b3d4-685a5a3eda55",
                  "isHook": false,
                  "skipped": false
                },
                {
                  "title": "Response Time Validation",
                  "fullTitle": "UroSmart Enterprise Performance Validation Suite Permission Page Load under 100 VUs Response Time Validation",
                  "timedOut": false,
                  "duration": 0,
                  "state": "passed",
                  "speed": "fast",
                  "pass": true,
                  "fail": false,
                  "pending": false,
                  "context": null,
                  "code": "// Average response time must be under SLA (2000ms)\nexpect(metrics.avgResponseTime).to.be.below(2000, `Average response time of ${metrics.avgResponseTime.toFixed(1)}ms exceeded SLA`);",
                  "err": {},
                  "uuid": "5aa0ddf6-c584-4736-9db5-fc5ab81ded76",
                  "parentUUID": "cfc31a92-f504-4813-b3d4-685a5a3eda55",
                  "isHook": false,
                  "skipped": false
                },
                {
                  "title": "95th Percentile Validation",
                  "fullTitle": "UroSmart Enterprise Performance Validation Suite Permission Page Load under 100 VUs 95th Percentile Validation",
                  "timedOut": false,
                  "duration": 0,
                  "state": "passed",
                  "speed": "fast",
                  "pass": true,
                  "fail": false,
                  "pending": false,
                  "context": null,
                  "code": "// 95% of requests must complete under SLA (2000ms)\nexpect(metrics.p95ResponseTime).to.be.below(2000, `95th Percentile response time of ${metrics.p95ResponseTime.toFixed(1)}ms exceeded SLA`);",
                  "err": {},
                  "uuid": "81d5da0a-a3b9-4e82-a859-72f09fe4a859",
                  "parentUUID": "cfc31a92-f504-4813-b3d4-685a5a3eda55",
                  "isHook": false,
                  "skipped": false
                },
                {
                  "title": "Error Rate Validation",
                  "fullTitle": "UroSmart Enterprise Performance Validation Suite Permission Page Load under 100 VUs Error Rate Validation",
                  "timedOut": false,
                  "duration": 0,
                  "state": "passed",
                  "speed": "fast",
                  "pass": true,
                  "fail": false,
                  "pending": false,
                  "context": null,
                  "code": "// Error rate must be less than 1% SLA\nexpect(metrics.errorRate).to.be.below(0.01, `Error rate of ${(metrics.errorRate * 100).toFixed(2)}% exceeded SLA`);",
                  "err": {},
                  "uuid": "f199ab8e-e08e-4087-b8e1-14f81e90a167",
                  "parentUUID": "cfc31a92-f504-4813-b3d4-685a5a3eda55",
                  "isHook": false,
                  "skipped": false
                },
                {
                  "title": "Database Performance Validation",
                  "fullTitle": "UroSmart Enterprise Performance Validation Suite Permission Page Load under 100 VUs Database Performance Validation",
                  "timedOut": false,
                  "duration": 0,
                  "state": "passed",
                  "speed": "fast",
                  "pass": true,
                  "fail": false,
                  "pending": false,
                  "context": null,
                  "code": "// Simulated DB connection slice must be below 500ms\nexpect(metrics.dbResponseTime).to.be.below(500, `Database response slice of ${metrics.dbResponseTime.toFixed(1)}ms exceeded SLA`);",
                  "err": {},
                  "uuid": "c10ebb2e-229e-41d3-8fef-688436e94444",
                  "parentUUID": "cfc31a92-f504-4813-b3d4-685a5a3eda55",
                  "isHook": false,
                  "skipped": false
                }
              ],
              "suites": [],
              "passes": [
                "717b6f7e-3f23-4a49-b7ab-92ff825a3e9a",
                "5aa0ddf6-c584-4736-9db5-fc5ab81ded76",
                "81d5da0a-a3b9-4e82-a859-72f09fe4a859",
                "f199ab8e-e08e-4087-b8e1-14f81e90a167",
                "c10ebb2e-229e-41d3-8fef-688436e94444"
              ],
              "failures": [],
              "pending": [],
              "skipped": [],
              "duration": 0,
              "root": false,
              "rootEmpty": false,
              "_timeout": 30000
            },
            {
              "uuid": "02a54693-f03b-462b-8f33-6f8a8f96ef56",
              "title": "Permission Page Load under 500 VUs",
              "fullFile": "C:\\Users\\thanv\\Downloads\\website\\website\\test\\performance.spec.js",
              "file": "\\test\\performance.spec.js",
              "beforeHooks": [
                {
                  "title": "\"before all\" hook in \"Permission Page Load under 500 VUs\"",
                  "fullTitle": "UroSmart Enterprise Performance Validation Suite Permission Page Load under 500 VUs \"before all\" hook in \"Permission Page Load under 500 VUs\"",
                  "timedOut": false,
                  "duration": 1,
                  "state": null,
                  "speed": null,
                  "pass": false,
                  "fail": false,
                  "pending": false,
                  "context": null,
                  "code": "// Execute the load simulation once per group\nmetrics = await executeLoadSimulation(target, load.vus);",
                  "err": {},
                  "uuid": "bebc9d1d-e7f8-410f-b743-39c1e118ef7f",
                  "parentUUID": "02a54693-f03b-462b-8f33-6f8a8f96ef56",
                  "isHook": true,
                  "skipped": false
                }
              ],
              "afterHooks": [
                {
                  "title": "\"after each\" hook in \"Permission Page Load under 500 VUs\"",
                  "fullTitle": "UroSmart Enterprise Performance Validation Suite Permission Page Load under 500 VUs \"after each\" hook in \"Permission Page Load under 500 VUs\"",
                  "timedOut": false,
                  "duration": 0,
                  "state": null,
                  "speed": null,
                  "pass": false,
                  "fail": false,
                  "pending": false,
                  "context": null,
                  "code": "if (this.currentTest.state === 'failed') {\n    const err = this.currentTest.err ? this.currentTest.err.message : 'Validation SLA failed';\n    console.error('\\n==================================================');\n    console.error('🚨 [SRE FAILURE CAPTURED]');\n    console.error(`Validation Case : ${this.currentTest.title}`);\n    console.error(`Execution Suite : ${this.currentTest.parent.title}`);\n    console.error(`Endpoint        : ${BASE_URL}/${target.endpoint}`);\n    console.error(`Method          : ${target.method}`);\n    console.error(`VUs (Load)      : ${load.vus}`);\n    console.error(`Failure Reason  : ${err}`);\n    if (metrics) {\n        console.error(`Metrics Captured:`);\n        console.error(`  - Avg Response Time: ${metrics.avgResponseTime.toFixed(2)} ms`);\n        console.error(`  - 95th Percentile  : ${metrics.p95ResponseTime.toFixed(2)} ms`);\n        console.error(`  - Error Rate       : ${(metrics.errorRate * 100).toFixed(2)}%`);\n        console.error(`  - Status Codes     : ${JSON.stringify(metrics.statusCodes)}`);\n        console.error(`  - DB Response Time : ${metrics.dbResponseTime.toFixed(2)} ms`);\n    }\n    console.error(`Timestamp       : ${new Date().toISOString()}`);\n    console.error('==================================================\\n');\n}",
                  "err": {},
                  "uuid": "b0bce2d4-5c12-414c-b9ef-a297cf296d10",
                  "parentUUID": "02a54693-f03b-462b-8f33-6f8a8f96ef56",
                  "isHook": true,
                  "skipped": false
                }
              ],
              "tests": [
                {
                  "title": "HTTP Status Validation",
                  "fullTitle": "UroSmart Enterprise Performance Validation Suite Permission Page Load under 500 VUs HTTP Status Validation",
                  "timedOut": false,
                  "duration": 0,
                  "state": "passed",
                  "speed": "fast",
                  "pass": true,
                  "fail": false,
                  "pending": false,
                  "context": null,
                  "code": "const validStatus = Object.keys(metrics.statusCodes).some(status => \n    status === '200' || status === '201' || status === '302'\n);\nexpect(validStatus, `Failed status code profile: ${JSON.stringify(metrics.statusCodes)}`).to.be.true;",
                  "err": {},
                  "uuid": "806a0631-9946-4ac0-a939-94f32627015d",
                  "parentUUID": "02a54693-f03b-462b-8f33-6f8a8f96ef56",
                  "isHook": false,
                  "skipped": false
                },
                {
                  "title": "Response Time Validation",
                  "fullTitle": "UroSmart Enterprise Performance Validation Suite Permission Page Load under 500 VUs Response Time Validation",
                  "timedOut": false,
                  "duration": 0,
                  "state": "passed",
                  "speed": "fast",
                  "pass": true,
                  "fail": false,
                  "pending": false,
                  "context": null,
                  "code": "// Average response time must be under SLA (2000ms)\nexpect(metrics.avgResponseTime).to.be.below(2000, `Average response time of ${metrics.avgResponseTime.toFixed(1)}ms exceeded SLA`);",
                  "err": {},
                  "uuid": "178a1f94-c735-4963-8926-3eb671600364",
                  "parentUUID": "02a54693-f03b-462b-8f33-6f8a8f96ef56",
                  "isHook": false,
                  "skipped": false
                },
                {
                  "title": "95th Percentile Validation",
                  "fullTitle": "UroSmart Enterprise Performance Validation Suite Permission Page Load under 500 VUs 95th Percentile Validation",
                  "timedOut": false,
                  "duration": 0,
                  "state": "passed",
                  "speed": "fast",
                  "pass": true,
                  "fail": false,
                  "pending": false,
                  "context": null,
                  "code": "// 95% of requests must complete under SLA (2000ms)\nexpect(metrics.p95ResponseTime).to.be.below(2000, `95th Percentile response time of ${metrics.p95ResponseTime.toFixed(1)}ms exceeded SLA`);",
                  "err": {},
                  "uuid": "629399f1-2eda-4b23-9dcb-181f9a7dd0b1",
                  "parentUUID": "02a54693-f03b-462b-8f33-6f8a8f96ef56",
                  "isHook": false,
                  "skipped": false
                },
                {
                  "title": "Error Rate Validation",
                  "fullTitle": "UroSmart Enterprise Performance Validation Suite Permission Page Load under 500 VUs Error Rate Validation",
                  "timedOut": false,
                  "duration": 0,
                  "state": "passed",
                  "speed": "fast",
                  "pass": true,
                  "fail": false,
                  "pending": false,
                  "context": null,
                  "code": "// Error rate must be less than 1% SLA\nexpect(metrics.errorRate).to.be.below(0.01, `Error rate of ${(metrics.errorRate * 100).toFixed(2)}% exceeded SLA`);",
                  "err": {},
                  "uuid": "c04fb56a-dbba-44d4-8554-fe4faa0961ca",
                  "parentUUID": "02a54693-f03b-462b-8f33-6f8a8f96ef56",
                  "isHook": false,
                  "skipped": false
                },
                {
                  "title": "Database Performance Validation",
                  "fullTitle": "UroSmart Enterprise Performance Validation Suite Permission Page Load under 500 VUs Database Performance Validation",
                  "timedOut": false,
                  "duration": 0,
                  "state": "passed",
                  "speed": "fast",
                  "pass": true,
                  "fail": false,
                  "pending": false,
                  "context": null,
                  "code": "// Simulated DB connection slice must be below 500ms\nexpect(metrics.dbResponseTime).to.be.below(500, `Database response slice of ${metrics.dbResponseTime.toFixed(1)}ms exceeded SLA`);",
                  "err": {},
                  "uuid": "3ffc5e2d-8343-4661-a19b-da042035303f",
                  "parentUUID": "02a54693-f03b-462b-8f33-6f8a8f96ef56",
                  "isHook": false,
                  "skipped": false
                }
              ],
              "suites": [],
              "passes": [
                "806a0631-9946-4ac0-a939-94f32627015d",
                "178a1f94-c735-4963-8926-3eb671600364",
                "629399f1-2eda-4b23-9dcb-181f9a7dd0b1",
                "c04fb56a-dbba-44d4-8554-fe4faa0961ca",
                "3ffc5e2d-8343-4661-a19b-da042035303f"
              ],
              "failures": [],
              "pending": [],
              "skipped": [],
              "duration": 0,
              "root": false,
              "rootEmpty": false,
              "_timeout": 30000
            },
            {
              "uuid": "8b0d58c5-0450-41db-9de5-a072a7426f7b",
              "title": "Login Page Load under 1 VU",
              "fullFile": "C:\\Users\\thanv\\Downloads\\website\\website\\test\\performance.spec.js",
              "file": "\\test\\performance.spec.js",
              "beforeHooks": [
                {
                  "title": "\"before all\" hook in \"Login Page Load under 1 VU\"",
                  "fullTitle": "UroSmart Enterprise Performance Validation Suite Login Page Load under 1 VU \"before all\" hook in \"Login Page Load under 1 VU\"",
                  "timedOut": false,
                  "duration": 2,
                  "state": null,
                  "speed": null,
                  "pass": false,
                  "fail": false,
                  "pending": false,
                  "context": null,
                  "code": "// Execute the load simulation once per group\nmetrics = await executeLoadSimulation(target, load.vus);",
                  "err": {},
                  "uuid": "582864bd-f07f-4ed0-8417-b1d5cbee22dc",
                  "parentUUID": "8b0d58c5-0450-41db-9de5-a072a7426f7b",
                  "isHook": true,
                  "skipped": false
                }
              ],
              "afterHooks": [
                {
                  "title": "\"after each\" hook in \"Login Page Load under 1 VU\"",
                  "fullTitle": "UroSmart Enterprise Performance Validation Suite Login Page Load under 1 VU \"after each\" hook in \"Login Page Load under 1 VU\"",
                  "timedOut": false,
                  "duration": 0,
                  "state": null,
                  "speed": null,
                  "pass": false,
                  "fail": false,
                  "pending": false,
                  "context": null,
                  "code": "if (this.currentTest.state === 'failed') {\n    const err = this.currentTest.err ? this.currentTest.err.message : 'Validation SLA failed';\n    console.error('\\n==================================================');\n    console.error('🚨 [SRE FAILURE CAPTURED]');\n    console.error(`Validation Case : ${this.currentTest.title}`);\n    console.error(`Execution Suite : ${this.currentTest.parent.title}`);\n    console.error(`Endpoint        : ${BASE_URL}/${target.endpoint}`);\n    console.error(`Method          : ${target.method}`);\n    console.error(`VUs (Load)      : ${load.vus}`);\n    console.error(`Failure Reason  : ${err}`);\n    if (metrics) {\n        console.error(`Metrics Captured:`);\n        console.error(`  - Avg Response Time: ${metrics.avgResponseTime.toFixed(2)} ms`);\n        console.error(`  - 95th Percentile  : ${metrics.p95ResponseTime.toFixed(2)} ms`);\n        console.error(`  - Error Rate       : ${(metrics.errorRate * 100).toFixed(2)}%`);\n        console.error(`  - Status Codes     : ${JSON.stringify(metrics.statusCodes)}`);\n        console.error(`  - DB Response Time : ${metrics.dbResponseTime.toFixed(2)} ms`);\n    }\n    console.error(`Timestamp       : ${new Date().toISOString()}`);\n    console.error('==================================================\\n');\n}",
                  "err": {},
                  "uuid": "8f526470-ee87-42a5-8bef-7dec22443bb7",
                  "parentUUID": "8b0d58c5-0450-41db-9de5-a072a7426f7b",
                  "isHook": true,
                  "skipped": false
                }
              ],
              "tests": [
                {
                  "title": "HTTP Status Validation",
                  "fullTitle": "UroSmart Enterprise Performance Validation Suite Login Page Load under 1 VU HTTP Status Validation",
                  "timedOut": false,
                  "duration": 0,
                  "state": "passed",
                  "speed": "fast",
                  "pass": true,
                  "fail": false,
                  "pending": false,
                  "context": null,
                  "code": "const validStatus = Object.keys(metrics.statusCodes).some(status => \n    status === '200' || status === '201' || status === '302'\n);\nexpect(validStatus, `Failed status code profile: ${JSON.stringify(metrics.statusCodes)}`).to.be.true;",
                  "err": {},
                  "uuid": "018558aa-b6b8-41ba-8106-952e0a50d6bd",
                  "parentUUID": "8b0d58c5-0450-41db-9de5-a072a7426f7b",
                  "isHook": false,
                  "skipped": false
                },
                {
                  "title": "Response Time Validation",
                  "fullTitle": "UroSmart Enterprise Performance Validation Suite Login Page Load under 1 VU Response Time Validation",
                  "timedOut": false,
                  "duration": 0,
                  "state": "passed",
                  "speed": "fast",
                  "pass": true,
                  "fail": false,
                  "pending": false,
                  "context": null,
                  "code": "// Average response time must be under SLA (2000ms)\nexpect(metrics.avgResponseTime).to.be.below(2000, `Average response time of ${metrics.avgResponseTime.toFixed(1)}ms exceeded SLA`);",
                  "err": {},
                  "uuid": "cfb0800e-aad6-4fe0-b7a4-6dac393fea22",
                  "parentUUID": "8b0d58c5-0450-41db-9de5-a072a7426f7b",
                  "isHook": false,
                  "skipped": false
                },
                {
                  "title": "95th Percentile Validation",
                  "fullTitle": "UroSmart Enterprise Performance Validation Suite Login Page Load under 1 VU 95th Percentile Validation",
                  "timedOut": false,
                  "duration": 0,
                  "state": "passed",
                  "speed": "fast",
                  "pass": true,
                  "fail": false,
                  "pending": false,
                  "context": null,
                  "code": "// 95% of requests must complete under SLA (2000ms)\nexpect(metrics.p95ResponseTime).to.be.below(2000, `95th Percentile response time of ${metrics.p95ResponseTime.toFixed(1)}ms exceeded SLA`);",
                  "err": {},
                  "uuid": "f1ac2457-4850-494d-a62f-ae3f9d7e4a43",
                  "parentUUID": "8b0d58c5-0450-41db-9de5-a072a7426f7b",
                  "isHook": false,
                  "skipped": false
                },
                {
                  "title": "Error Rate Validation",
                  "fullTitle": "UroSmart Enterprise Performance Validation Suite Login Page Load under 1 VU Error Rate Validation",
                  "timedOut": false,
                  "duration": 0,
                  "state": "passed",
                  "speed": "fast",
                  "pass": true,
                  "fail": false,
                  "pending": false,
                  "context": null,
                  "code": "// Error rate must be less than 1% SLA\nexpect(metrics.errorRate).to.be.below(0.01, `Error rate of ${(metrics.errorRate * 100).toFixed(2)}% exceeded SLA`);",
                  "err": {},
                  "uuid": "85a25faf-8c82-4981-9669-04801c3f56ee",
                  "parentUUID": "8b0d58c5-0450-41db-9de5-a072a7426f7b",
                  "isHook": false,
                  "skipped": false
                },
                {
                  "title": "Database Performance Validation",
[...]
                  "err": {},
                  "uuid": "638c4760-2db6-4a1b-ace7-552679ea15b2",
                  "parentUUID": "4b68cbbb-9c72-4f74-9b79-02e6a7458c27",
                  "isHook": false,
                  "skipped": false
                }
              ],
              "suites": [],
              "passes": [
                "c6f9430f-552b-460d-a138-98df43716f3c",
                "b0365685-6e0d-4b55-9ddc-75119e79f001",
                "975f509d-9a76-4b37-a45e-aae9363156d2",
                "128fa2cb-3e57-41ee-9379-cf06e8d1374b",
                "638c4760-2db6-4a1b-ace7-552679ea15b2"
              ],
              "failures": [],
              "pending": [],
              "skipped": [],
              "duration": 0,
              "root": false,
              "rootEmpty": false,
              "_timeout": 30000
            },
            {
              "uuid": "52e60bbd-50b3-4408-87bc-9a7362541397",
              "title": "FileUpload API under 100 VUs",
              "fullFile": "C:\\Users\\thanv\\Downloads\\website\\website\\test\\performance.spec.js",
              "file": "\\test\\performance.spec.js",
              "beforeHooks": [
                {
                  "title": "\"before all\" hook in \"FileUpload API under 100 VUs\"",
                  "fullTitle": "UroSmart Enterprise Performance Validation Suite FileUpload API under 100 VUs \"before all\" hook in \"FileUpload API under 100 VUs\"",
                  "timedOut": false,
                  "duration": 1,
                  "state": null,
                  "speed": null,
                  "pass": false,
                  "fail": false,
                  "pending": false,
                  "context": null,
                  "code": "// Execute the load simulation once per group\nmetrics = await executeLoadSimulation(target, load.vus);",
                  "err": {},
                  "uuid": "0f368dcf-f774-4b33-abfe-ad1abe601da5",
                  "parentUUID": "52e60bbd-50b3-4408-87bc-9a7362541397",
                  "isHook": true,
                  "skipped": false
                }
              ],
              "afterHooks": [
                {
                  "title": "\"after each\" hook in \"FileUpload API under 100 VUs\"",
                  "fullTitle": "UroSmart Enterprise Performance Validation Suite FileUpload API under 100 VUs \"after each\" hook in \"FileUpload API under 100 VUs\"",
                  "timedOut": false,
                  "duration": 0,
                  "state": null,
                  "speed": null,
                  "pass": false,
                  "fail": false,
                  "pending": false,
                  "context": null,
                  "code": "if (this.currentTest.state === 'failed') {\n    const err = this.currentTest.err ? this.currentTest.err.message : 'Validation SLA failed';\n    console.error('\\n==================================================');\n    console.error('🚨 [SRE FAILURE CAPTURED]');\n    console.error(`Validation Case : ${this.currentTest.title}`);\n    console.error(`Execution Suite : ${this.currentTest.parent.title}`);\n    console.error(`Endpoint        : ${BASE_URL}/${target.endpoint}`);\n    console.error(`Method          : ${target.method}`);\n    console.error(`VUs (Load)      : ${load.vus}`);\n    console.error(`Failure Reason  : ${err}`);\n    if (metrics) {\n        console.error(`Metrics Captured:`);\n        console.error(`  - Avg Response Time: ${metrics.avgResponseTime.toFixed(2)} ms`);\n        console.error(`  - 95th Percentile  : ${metrics.p95ResponseTime.toFixed(2)} ms`);\n        console.error(`  - Error Rate       : ${(metrics.errorRate * 100).toFixed(2)}%`);\n        console.error(`  - Status Codes     : ${JSON.stringify(metrics.statusCodes)}`);\n        console.error(`  - DB Response Time : ${metrics.dbResponseTime.toFixed(2)} ms`);\n    }\n    console.error(`Timestamp       : ${new Date().toISOString()}`);\n    console.error('==================================================\\n');\n}",
                  "err": {},
                  "uuid": "a0b82e3e-ccdc-4cae-936b-89063eb3286c",
                  "parentUUID": "52e60bbd-50b3-4408-87bc-9a7362541397",
                  "isHook": true,
                  "skipped": false
                }
              ],
              "tests": [
                {
                  "title": "HTTP Status Validation",
                  "fullTitle": "UroSmart Enterprise Performance Validation Suite FileUpload API under 100 VUs HTTP Status Validation",
                  "timedOut": false,
                  "duration": 0,
                  "state": "passed",
                  "speed": "fast",
                  "pass": true,
                  "fail": false,
                  "pending": false,
                  "context": null,
                  "code": "const validStatus = Object.keys(metrics.statusCodes).some(status => \n    status === '200' || status === '201' || status === '302'\n);\nexpect(validStatus, `Failed status code profile: ${JSON.stringify(metrics.statusCodes)}`).to.be.true;",
                  "err": {},
                  "uuid": "67069e37-8090-4305-838e-0f394b3fa717",
                  "parentUUID": "52e60bbd-50b3-4408-87bc-9a7362541397",
                  "isHook": false,
                  "skipped": false
                },
                {
                  "title": "Response Time Validation",
                  "fullTitle": "UroSmart Enterprise Performance Validation Suite FileUpload API under 100 VUs Response Time Validation",
                  "timedOut": false,
                  "duration": 0,
                  "state": "passed",
                  "speed": "fast",
                  "pass": true,
                  "fail": false,
                  "pending": false,
                  "context": null,
                  "code": "// Average response time must be under SLA (2000ms)\nexpect(metrics.avgResponseTime).to.be.below(2000, `Average response time of ${metrics.avgResponseTime.toFixed(1)}ms exceeded SLA`);",
                  "err": {},
                  "uuid": "d658a474-c54d-4875-9a79-05dcda0173f8",
                  "parentUUID": "52e60bbd-50b3-4408-87bc-9a7362541397",
                  "isHook": false,
                  "skipped": false
                },
                {
                  "title": "95th Percentile Validation",
                  "fullTitle": "UroSmart Enterprise Performance Validation Suite FileUpload API under 100 VUs 95th Percentile Validation",
                  "timedOut": false,
                  "duration": 0,
                  "state": "passed",
                  "speed": "fast",
                  "pass": true,
                  "fail": false,
                  "pending": false,
                  "context": null,
                  "code": "// 95% of requests must complete under SLA (2000ms)\nexpect(metrics.p95ResponseTime).to.be.below(2000, `95th Percentile response time of ${metrics.p95ResponseTime.toFixed(1)}ms exceeded SLA`);",
                  "err": {},
                  "uuid": "11c47218-8f6f-4d8a-9b4e-32899e696147",
                  "parentUUID": "52e60bbd-50b3-4408-87bc-9a7362541397",
                  "isHook": false,
                  "skipped": false
                },
                {
                  "title": "Error Rate Validation",
                  "fullTitle": "UroSmart Enterprise Performance Validation Suite FileUpload API under 100 VUs Error Rate Validation",
                  "timedOut": false,
                  "duration": 0,
                  "state": "failed",
                  "speed": null,
                  "pass": false,
                  "fail": true,
                  "pending": false,
                  "context": null,
                  "code": "// Error rate must be less than 1% SLA\nexpect(metrics.errorRate).to.be.below(0.01, `Error rate of ${(metrics.errorRate * 100).toFixed(2)}% exceeded SLA`);",
                  "err": {
                    "message": "AssertionError: Error rate of 1.00% exceeded SLA: expected 0.01 to be below 0.01",
                    "estack": "AssertionError: Error rate of 1.00% exceeded SLA: expected 0.01 to be below 0.01\n    at Context.<anonymous> (test\\performance.spec.js:218:53)\n    at process.processImmediate (node:internal/timers:484:21)",
                    "diff": ""
                  },
                  "uuid": "137d81e3-ef2c-417e-8e16-54100f96ebfd",
                  "parentUUID": "52e60bbd-50b3-4408-87bc-9a7362541397",
                  "isHook": false,
                  "skipped": false
                },
                {
                  "title": "Database Performance Validation",
                  "fullTitle": "UroSmart Enterprise Performance Validation Suite FileUpload API under 100 VUs Database Performance Validation",
                  "timedOut": false,
                  "duration": 0,
                  "state": "passed",
                  "speed": "fast",
                  "pass": true,
                  "fail": false,
                  "pending": false,
                  "context": null,
                  "code": "// Simulated DB connection slice must be below 500ms\nexpect(metrics.dbResponseTime).to.be.below(500, `Database response slice of ${metrics.dbResponseTime.toFixed(1)}ms exceeded SLA`);",
                  "err": {},
                  "uuid": "a846d894-647c-4cb7-93fc-f893609a511e",
                  "parentUUID": "52e60bbd-50b3-4408-87bc-9a7362541397",
                  "isHook": false,
                  "skipped": false
                }
              ],
              "suites": [],
              "passes": [
                "67069e37-8090-4305-838e-0f394b3fa717",
                "d658a474-c54d-4875-9a79-05dcda0173f8",
                "11c47218-8f6f-4d8a-9b4e-32899e696147",
                "a846d894-647c-4cb7-93fc-f893609a511e"
              ],
              "failures": [
                "137d81e3-ef2c-417e-8e16-54100f96ebfd"
              ],
              "pending": [],
              "skipped": [],
              "duration": 0,
              "root": false,
              "rootEmpty": false,
              "_timeout": 30000
            },
            {
              "uuid": "eab7eca8-bece-4988-ad7c-b52a8cb65f7f",
              "title": "FileUpload API under 500 VUs",
              "fullFile": "C:\\Users\\thanv\\Downloads\\website\\website\\test\\performance.spec.js",
              "file": "\\test\\performance.spec.js",
              "beforeHooks": [
                {
                  "title": "\"before all\" hook in \"FileUpload API under 500 VUs\"",
                  "fullTitle": "UroSmart Enterprise Performance Validation Suite FileUpload API under 500 VUs \"before all\" hook in \"FileUpload API under 500 VUs\"",
                  "timedOut": false,
                  "duration": 0,
                  "state": null,
                  "speed": null,
                  "pass": false,
                  "fail": false,
                  "pending": false,
                  "context": null,
                  "code": "// Execute the load simulation once per group\nmetrics = await executeLoadSimulation(target, load.vus);",
                  "err": {},
                  "uuid": "b7186403-f801-4325-ab2f-08f8b2c0ef30",
                  "parentUUID": "eab7eca8-bece-4988-ad7c-b52a8cb65f7f",
                  "isHook": true,
                  "skipped": false
                }
              ],
              "afterHooks": [
                {
                  "title": "\"after each\" hook in \"FileUpload API under 500 VUs\"",
                  "fullTitle": "UroSmart Enterprise Performance Validation Suite FileUpload API under 500 VUs \"after each\" hook in \"FileUpload API under 500 VUs\"",
                  "timedOut": false,
                  "duration": 0,
                  "state": null,
                  "speed": null,
                  "pass": false,
                  "fail": false,
                  "pending": false,
                  "context": null,
                  "code": "if (this.currentTest.state === 'failed') {\n    const err = this.currentTest.err ? this.currentTest.err.message : 'Validation SLA failed';\n    console.error('\\n==================================================');\n    console.error('🚨 [SRE FAILURE CAPTURED]');\n    console.error(`Validation Case : ${this.currentTest.title}`);\n    console.error(`Execution Suite : ${this.currentTest.parent.title}`);\n    console.error(`Endpoint        : ${BASE_URL}/${target.endpoint}`);\n    console.error(`Method          : ${target.method}`);\n    console.error(`VUs (Load)      : ${load.vus}`);\n    console.error(`Failure Reason  : ${err}`);\n    if (metrics) {\n        console.error(`Metrics Captured:`);\n        console.error(`  - Avg Response Time: ${metrics.avgResponseTime.toFixed(2)} ms`);\n        console.error(`  - 95th Percentile  : ${metrics.p95ResponseTime.toFixed(2)} ms`);\n        console.error(`  - Error Rate       : ${(metrics.errorRate * 100).toFixed(2)}%`);\n        console.error(`  - Status Codes     : ${JSON.stringify(metrics.statusCodes)}`);\n        console.error(`  - DB Response Time : ${metrics.dbResponseTime.toFixed(2)} ms`);\n    }\n    console.error(`Timestamp       : ${new Date().toISOString()}`);\n    console.error('==================================================\\n');\n}",
                  "err": {},
                  "uuid": "cac1421c-c91b-4129-958d-4f31cc97b7b2",
                  "parentUUID": "eab7eca8-bece-4988-ad7c-b52a8cb65f7f",
                  "isHook": true,
                  "skipped": false
                }
              ],
              "tests": [
                {
                  "title": "HTTP Status Validation",
                  "fullTitle": "UroSmart Enterprise Performance Validation Suite FileUpload API under 500 VUs HTTP Status Validation",
                  "timedOut": false,
                  "duration": 0,
                  "state": "passed",
                  "speed": "fast",
                  "pass": true,
                  "fail": false,
                  "pending": false,
                  "context": null,
                  "code": "const validStatus = Object.keys(metrics.statusCodes).some(status => \n    status === '200' || status === '201' || status === '302'\n);\nexpect(validStatus, `Failed status code profile: ${JSON.stringify(metrics.statusCodes)}`).to.be.true;",
                  "err": {},
                  "uuid": "b6fbb26a-9fe8-4bd1-8dec-343e4bbf5ecb",
                  "parentUUID": "eab7eca8-bece-4988-ad7c-b52a8cb65f7f",
                  "isHook": false,
                  "skipped": false
                },
                {
                  "title": "Response Time Validation",
                  "fullTitle": "UroSmart Enterprise Performance Validation Suite FileUpload API under 500 VUs Response Time Validation",
                  "timedOut": false,
                  "duration": 0,
                  "state": "passed",
                  "speed": "fast",
                  "pass": true,
                  "fail": false,
                  "pending": false,
                  "context": null,
                  "code": "// Average response time must be under SLA (2000ms)\nexpect(metrics.avgResponseTime).to.be.below(2000, `Average response time of ${metrics.avgResponseTime.toFixed(1)}ms exceeded SLA`);",
                  "err": {},
                  "uuid": "5db9d79f-dee6-4a5e-b987-987b3ca364a2",
                  "parentUUID": "eab7eca8-bece-4988-ad7c-b52a8cb65f7f",
                  "isHook": false,
                  "skipped": false
                },
                {
                  "title": "95th Percentile Validation",
                  "fullTitle": "UroSmart Enterprise Performance Validation Suite FileUpload API under 500 VUs 95th Percentile Validation",
                  "timedOut": false,
                  "duration": 0,
                  "state": "passed",
                  "speed": "fast",
                  "pass": true,
                  "fail": false,
                  "pending": false,
                  "context": null,
                  "code": "// 95% of requests must complete under SLA (2000ms)\nexpect(metrics.p95ResponseTime).to.be.below(2000, `95th Percentile response time of ${metrics.p95ResponseTime.toFixed(1)}ms exceeded SLA`);",
                  "err": {},
                  "uuid": "f12e8405-7867-49f4-88a6-11e3bf107a75",
                  "parentUUID": "eab7eca8-bece-4988-ad7c-b52a8cb65f7f",
                  "isHook": false,
                  "skipped": false
                },
                {
                  "title": "Error Rate Validation",
                  "fullTitle": "UroSmart Enterprise Performance Validation Suite FileUpload API under 500 VUs Error Rate Validation",
                  "timedOut": false,
                  "duration": 0,
                  "state": "passed",
                  "speed": "fast",
                  "pass": true,
                  "fail": false,
                  "pending": false,
                  "context": null,
                  "code": "// Error rate must be less than 1% SLA\nexpect(metrics.errorRate).to.be.below(0.01, `Error rate of ${(metrics.errorRate * 100).toFixed(2)}% exceeded SLA`);",
                  "err": {},
                  "uuid": "4ce51b99-8571-4d47-96a9-062273cb73a2",
                  "parentUUID": "eab7eca8-bece-4988-ad7c-b52a8cb65f7f",
                  "isHook": false,
                  "skipped": false
                },
                {
                  "title": "Database Performance Validation",
                  "fullTitle": "UroSmart Enterprise Performance Validation Suite FileUpload API under 500 VUs Database Performance Validation",
                  "timedOut": false,
                  "duration": 0,
                  "state": "passed",
                  "speed": "fast",
                  "pass": true,
                  "fail": false,
                  "pending": false,
                  "context": null,
                  "code": "// Simulated DB connection slice must be below 500ms\nexpect(metrics.dbResponseTime).to.be.below(500, `Database response slice of ${metrics.dbResponseTime.toFixed(1)}ms exceeded SLA`);",
                  "err": {},
                  "uuid": "875e2a5b-bbb1-405d-8435-0678a118615f",
                  "parentUUID": "eab7eca8-bece-4988-ad7c-b52a8cb65f7f",
                  "isHook": false,
                  "skipped": false
                }
              ],
              "suites": [],
              "passes": [
                "b6fbb26a-9fe8-4bd1-8dec-343e4bbf5ecb",
                "5db9d79f-dee6-4a5e-b987-987b3ca364a2",
                "f12e8405-7867-49f4-88a6-11e3bf107a75",
                "4ce51b99-8571-4d47-96a9-062273cb73a2",
                "875e2a5b-bbb1-405d-8435-0678a118615f"
              ],
              "failures": [],
              "pending": [],
              "skipped": [],
              "duration": 0,
              "root": false,
              "rootEmpty": false,
              "_timeout": 30000
            }
          ],
          "passes": [],
          "failures": [],
          "pending": [],
          "skipped": [],
          "duration": 0,
          "root": false,
          "rootEmpty": false,
          "_timeout": 30000
        }
      ],
      "passes": [],
      "failures": [],
      "pending": [],
      "skipped": [],
      "duration": 0,
      "root": true,
      "rootEmpty": true,
      "_timeout": 120000
    }
  ],
  "meta": {
    "mocha": {
      "version": "10.8.2"
    },
    "mochawesome": {
      "options": {
        "quiet": false,
        "reportFilename": "mochawesome",
        "saveHtml": true,
        "saveJson": true,
        "consoleReporter": "spec",
        "useInlineDiffs": false,
        "code": true
      },
      "version": "7.1.4"
    },
    "marge": {
      "options": {
        "reportDir": "reports/performance",
        "reportFilename": "mochawesome"
      },
      "version": "6.3.2"
    }
  }
}