{
  "stats": {
    "suites": 58,
    "tests": 405,
    "passes": 405,
    "pending": 0,
    "failures": 0,
    "start": "2026-07-28T09:03:05.275Z",
    "end": "2026-07-28T09:04:11.151Z",
    "duration": 65876,
    "testsRegistered": 405,
    "passPercent": 100,
    "pendingPercent": 0,
    "other": 0,
    "hasOther": false,
    "skipped": 0,
    "hasSkipped": false
  },
  "results": [
    {
      "uuid": "02f88049-9ec6-4f91-8425-e8dc4b523ba9",
      "title": "",
      "fullFile": "C:\\Users\\thanv\\Downloads\\website\\website\\test\\e2e.spec.js",
      "file": "\\test\\e2e.spec.js",
      "beforeHooks": [],
      "afterHooks": [],
      "tests": [],
      "suites": [
        {
          "uuid": "999faabe-2e0a-4755-a80e-7aa287013730",
          "title": "UroSmart E2E Selenium Test Suite",
          "fullFile": "C:\\Users\\thanv\\Downloads\\website\\website\\test\\e2e.spec.js",
          "file": "\\test\\e2e.spec.js",
          "beforeHooks": [
            {
              "title": "\"before all\" hook in \"UroSmart E2E Selenium Test Suite\"",
              "fullTitle": "UroSmart E2E Selenium Test Suite \"before all\" hook in \"UroSmart E2E Selenium Test Suite\"",
              "timedOut": false,
              "duration": 721,
              "state": null,
              "speed": null,
              "pass": false,
              "fail": false,
              "pending": false,
              "context": null,
              "code": "// Start Express server\nserver = require('../server');\n// Build Selenium Driver\nconst options = new chrome.Options();\nif (process.env.HEADLESS !== 'false') {\n  options.addArguments('--headless=new');\n  options.addArguments('--disable-gpu');\n  options.addArguments('--no-sandbox');\n  options.addArguments('--disable-dev-shm-usage');\n  options.addArguments('--window-size=1280,800');\n}\ndriver = await new Builder()\n  .forBrowser('chrome')\n  .setChromeOptions(options)\n  .build();",
              "err": {},
              "uuid": "d9170791-39ca-4f2c-a303-5321adbfb7a7",
              "parentUUID": "999faabe-2e0a-4755-a80e-7aa287013730",
              "isHook": true,
              "skipped": false
            }
          ],
          "afterHooks": [
            {
              "title": "\"after all\" hook in \"UroSmart E2E Selenium Test Suite\"",
              "fullTitle": "UroSmart E2E Selenium Test Suite \"after all\" hook in \"UroSmart E2E Selenium Test Suite\"",
              "timedOut": false,
              "duration": 93,
              "state": null,
              "speed": null,
              "pass": false,
              "fail": false,
              "pending": false,
              "context": null,
              "code": "if (driver) {\n  await driver.quit();\n}\nif (server) {\n  server.close();\n}",
              "err": {},
              "uuid": "1ac995a3-de8e-4f79-a41d-d3ff9cb76fe2",
              "parentUUID": "999faabe-2e0a-4755-a80e-7aa287013730",
              "isHook": true,
              "skipped": false
            }
          ],
          "tests": [],
          "suites": [
            {
              "uuid": "4522ecd6-583b-48b8-91fb-3e4121817ec8",
              "title": "Responsive Testing on Desktop (1280x800)",
              "fullFile": "C:\\Users\\thanv\\Downloads\\website\\website\\test\\e2e.spec.js",
              "file": "\\test\\e2e.spec.js",
              "beforeHooks": [
                {
                  "title": "\"before each\" hook in \"Responsive Testing on Desktop (1280x800)\"",
                  "fullTitle": "UroSmart E2E Selenium Test Suite Responsive Testing on Desktop (1280x800) \"before each\" hook in \"Responsive Testing on Desktop (1280x800)\"",
                  "timedOut": false,
                  "duration": 1,
                  "state": null,
                  "speed": null,
                  "pass": false,
                  "fail": false,
                  "pending": false,
                  "context": null,
                  "code": "await driver.manage().window().setRect({ width: vp.width, height: vp.height });",
                  "err": {},
                  "uuid": "1a414827-a9be-46e6-bb44-7863005c383b",
                  "parentUUID": "4522ecd6-583b-48b8-91fb-3e4121817ec8",
                  "isHook": true,
                  "skipped": false
                }
              ],
              "afterHooks": [],
              "tests": [],
              "suites": [
                {
                  "uuid": "031cd622-24fe-4a2b-83c1-eeceb5d68ef6",
                  "title": "Page: index.html",
                  "fullFile": "C:\\Users\\thanv\\Downloads\\website\\website\\test\\e2e.spec.js",
                  "file": "\\test\\e2e.spec.js",
                  "beforeHooks": [
                    {
                      "title": "\"before all\" hook in \"Page: index.html\"",
                      "fullTitle": "UroSmart E2E Selenium Test Suite Responsive Testing on Desktop (1280x800) Page: index.html \"before all\" hook in \"Page: index.html\"",
                      "timedOut": false,
                      "duration": 397,
                      "state": null,
                      "speed": null,
                      "pass": false,
                      "fail": false,
                      "pending": false,
                      "context": null,
                      "code": "await navigateTo(page.name, page.requiresAuth);",
                      "err": {},
                      "uuid": "8b24c992-4ab8-4fb0-82ec-0c20490a251c",
                      "parentUUID": "031cd622-24fe-4a2b-83c1-eeceb5d68ef6",
                      "isHook": true,
                      "skipped": false
                    }
                  ],
                  "afterHooks": [],
                  "tests": [
                    {
                      "title": "should load successfully without redirects",
                      "fullTitle": "UroSmart E2E Selenium Test Suite Responsive Testing on Desktop (1280x800) Page: index.html should load successfully without redirects",
                      "timedOut": false,
                      "duration": 3,
                      "state": "passed",
                      "speed": "fast",
                      "pass": true,
                      "fail": false,
                      "pending": false,
                      "context": null,
                      "code": "const currentUrl = await driver.getCurrentUrl();\nexpect(currentUrl).to.include(page.name);",
                      "err": {},
                      "uuid": "92fccbc1-304a-41d2-8a21-e3c964fb106d",
                      "parentUUID": "031cd622-24fe-4a2b-83c1-eeceb5d68ef6",
                      "isHook": false,
                      "skipped": false
                    },
                    {
                      "title": "should have the correct title tag",
                      "fullTitle": "UroSmart E2E Selenium Test Suite Responsive Testing on Desktop (1280x800) Page: index.html should have the correct title tag",
                      "timedOut": false,
                      "duration": 3,
                      "state": "passed",
                      "speed": "fast",
                      "pass": true,
                      "fail": false,
                      "pending": false,
                      "context": null,
                      "code": "const title = await driver.getTitle();\nexpect(title).to.equal(page.title);",
                      "err": {},
                      "uuid": "798e4b8d-c7df-457d-b9b8-9e5f71233908",
                      "parentUUID": "031cd622-24fe-4a2b-83c1-eeceb5d68ef6",
                      "isHook": false,
                      "skipped": false
                    },
                    {
                      "title": "should have viewport meta tag for responsiveness",
                      "fullTitle": "UroSmart E2E Selenium Test Suite Responsive Testing on Desktop (1280x800) Page: index.html should have viewport meta tag for responsiveness",
                      "timedOut": false,
                      "duration": 7,
                      "state": "passed",
                      "speed": "fast",
                      "pass": true,
                      "fail": false,
                      "pending": false,
                      "context": null,
                      "code": "const metaViewport = await driver.findElements(By.xpath('//meta[@name=\"viewport\"]'));\nexpect(metaViewport.length).to.be.greaterThan(0);",
                      "err": {},
                      "uuid": "34b97db3-3d57-46da-b49e-c9d9871c8db6",
                      "parentUUID": "031cd622-24fe-4a2b-83c1-eeceb5d68ef6",
                      "isHook": false,
                      "skipped": false
                    },
                    {
                      "title": "should link to style.css stylesheet",
                      "fullTitle": "UroSmart E2E Selenium Test Suite Responsive Testing on Desktop (1280x800) Page: index.html should link to style.css stylesheet",
                      "timedOut": false,
                      "duration": 10,
                      "state": "passed",
                      "speed": "fast",
                      "pass": true,
                      "fail": false,
                      "pending": false,
                      "context": null,
                      "code": "const stylesheets = await driver.findElements(By.xpath('//link[@rel=\"stylesheet\"]'));\nlet hasMainStylesheet = false;\nfor (let sheet of stylesheets) {\n  const href = await sheet.getAttribute('href');\n  if (href && href.endsWith('style.css')) {\n    hasMainStylesheet = true;\n    break;\n  }\n}\nexpect(hasMainStylesheet).to.be.true;",
                      "err": {},
                      "uuid": "901e4c3e-ae85-4d76-bfef-d38b9afd262a",
                      "parentUUID": "031cd622-24fe-4a2b-83c1-eeceb5d68ef6",
                      "isHook": false,
                      "skipped": false
                    },
                    {
                      "title": "should have the primary page element visible",
                      "fullTitle": "UroSmart E2E Selenium Test Suite Responsive Testing on Desktop (1280x800) Page: index.html should have the primary page element visible",
                      "timedOut": false,
                      "duration": 10,
                      "state": "passed",
                      "speed": "fast",
                      "pass": true,
                      "fail": false,
                      "pending": false,
                      "context": null,
                      "code": "const element = await driver.findElement(By.css(page.primaryElement));\nconst isDisplayed = await element.isDisplayed();\nexpect(isDisplayed).to.be.true;",
                      "err": {},
                      "uuid": "8153dc54-eb7b-4a07-95ad-6924545b88b3",
                      "parentUUID": "031cd622-24fe-4a2b-83c1-eeceb5d68ef6",
                      "isHook": false,
                      "skipped": false
                    },
                    {
                      "title": "should have basic accessibility image alt tags",
                      "fullTitle": "UroSmart E2E Selenium Test Suite Responsive Testing on Desktop (1280x800) Page: index.html should have basic accessibility image alt tags",
                      "timedOut": false,
                      "duration": 9,
                      "state": "passed",
                      "speed": "fast",
                      "pass": true,
                      "fail": false,
                      "pending": false,
                      "context": null,
                      "code": "const images = await driver.findElements(By.css('img'));\nfor (let img of images) {\n  const alt = await img.getAttribute('alt');\n  expect(alt).to.not.be.null;\n}",
                      "err": {},
                      "uuid": "816d210d-319f-4bcd-9158-70912bd9cea5",
                      "parentUUID": "031cd622-24fe-4a2b-83c1-eeceb5d68ef6",
                      "isHook": false,
                      "skipped": false
                    },
                    {
                      "title": "should have a clean DOM structure containing the page heading",
                      "fullTitle": "UroSmart E2E Selenium Test Suite Responsive Testing on Desktop (1280x800) Page: index.html should have a clean DOM structure containing the page heading",
                      "timedOut": false,
                      "duration": 14,
                      "state": "passed",
                      "speed": "fast",
                      "pass": true,
                      "fail": false,
                      "pending": false,
                      "context": null,
                      "code": "const bodyText = await driver.findElement(By.css('body')).getText();\nexpect(bodyText).to.include(page.heading);",
                      "err": {},
                      "uuid": "8f07aaef-ea2f-4fe9-8ab8-f843e430c823",
                      "parentUUID": "031cd622-24fe-4a2b-83c1-eeceb5d68ef6",
                      "isHook": false,
                      "skipped": false
                    },
                    {
                      "title": "should contain valid links (href is not blank/broken)",
                      "fullTitle": "UroSmart E2E Selenium Test Suite Responsive Testing on Desktop (1280x800) Page: index.html should contain valid links (href is not blank/broken)",
                      "timedOut": false,
                      "duration": 6,
                      "state": "passed",
                      "speed": "fast",
                      "pass": true,
                      "fail": false,
                      "pending": false,
                      "context": null,
                      "code": "const links = await driver.findElements(By.css('a'));\nfor (let link of links) {\n  const href = await link.getAttribute('href');\n  if (href && !href.startsWith('mailto:') && !href.startsWith('tel:') && !href.startsWith('http')) {\n    expect(href).to.not.be.empty;\n  }\n}",
                      "err": {},
                      "uuid": "36f82534-4631-452b-b84f-597818101055",
                      "parentUUID": "031cd622-24fe-4a2b-83c1-eeceb5d68ef6",
                      "isHook": false,
                      "skipped": false
                    }
                  ],
                  "suites": [],
                  "passes": [
                    "92fccbc1-304a-41d2-8a21-e3c964fb106d",
                    "798e4b8d-c7df-457d-b9b8-9e5f71233908",
                    "34b97db3-3d57-46da-b49e-c9d9871c8db6",
                    "901e4c3e-ae85-4d76-bfef-d38b9afd262a",
                    "8153dc54-eb7b-4a07-95ad-6924545b88b3",
                    "816d210d-319f-4bcd-9158-70912bd9cea5",
                    "8f07aaef-ea2f-4fe9-8ab8-f843e430c823",
                    "36f82534-4631-452b-b84f-597818101055"
                  ],
                  "failures": [],
                  "pending": [],
                  "skipped": [],
                  "duration": 62,
                  "root": false,
                  "rootEmpty": false,
                  "_timeout": 120000
                },
                {
                  "uuid": "0248af69-28bc-406e-95dc-7e499bd7baef",
                  "title": "Page: permission.html",
                  "fullFile": "C:\\Users\\thanv\\Downloads\\website\\website\\test\\e2e.spec.js",
                  "file": "\\test\\e2e.spec.js",
                  "beforeHooks": [
                    {
                      "title": "\"before all\" hook in \"Page: permission.html\"",
                      "fullTitle": "UroSmart E2E Selenium Test Suite Responsive Testing on Desktop (1280x800) Page: permission.html \"before all\" hook in \"Page: permission.html\"",
                      "timedOut": false,
                      "duration": 760,
                      "state": null,
                      "speed": null,
                      "pass": false,
                      "fail": false,
                      "pending": false,
                      "context": null,
                      "code": "await navigateTo(page.name, page.requiresAuth);",
                      "err": {},
                      "uuid": "a676cb8d-e8af-41c7-a6ff-e25521e07763",
                      "parentUUID": "0248af69-28bc-406e-95dc-7e499bd7baef",
                      "isHook": true,
                      "skipped": false
                    }
                  ],
                  "afterHooks": [],
                  "tests": [
                    {
                      "title": "should load successfully without redirects",
                      "fullTitle": "UroSmart E2E Selenium Test Suite Responsive Testing on Desktop (1280x800) Page: permission.html should load successfully without redirects",
                      "timedOut": false,
                      "duration": 3,
                      "state": "passed",
                      "speed": "fast",
                      "pass": true,
                      "fail": false,
                      "pending": false,
                      "context": null,
                      "code": "const currentUrl = await driver.getCurrentUrl();\nexpect(currentUrl).to.include(page.name);",
                      "err": {},
                      "uuid": "47dc9789-d9eb-4569-9a6b-2b7c3a90d8a4",
                      "parentUUID": "0248af69-28bc-406e-95dc-7e499bd7baef",
                      "isHook": false,
                      "skipped": false
                    },
                    {
                      "title": "should have the correct title tag",
                      "fullTitle": "UroSmart E2E Selenium Test Suite Responsive Testing on Desktop (1280x800) Page: permission.html should have the correct title tag",
                      "timedOut": false,
                      "duration": 2,
                      "state": "passed",
                      "speed": "fast",
                      "pass": true,
                      "fail": false,
                      "pending": false,
                      "context": null,
                      "code": "const title = await driver.getTitle();\nexpect(title).to.equal(page.title);",
                      "err": {},
                      "uuid": "d39fa867-5e7f-4aa7-b158-e2b33690eb09",
                      "parentUUID": "0248af69-28bc-406e-95dc-7e499bd7baef",
                      "isHook": false,
                      "skipped": false
                    },
                    {
                      "title": "should have viewport meta tag for responsiveness",
                      "fullTitle": "UroSmart E2E Selenium Test Suite Responsive Testing on Desktop (1280x800) Page: permission.html should have viewport meta tag for responsiveness",
                      "timedOut": false,
                      "duration": 4,
                      "state": "passed",
                      "speed": "fast",
                      "pass": true,
                      "fail": false,
                      "pending": false,
                      "context": null,
                      "code": "const metaViewport = await driver.findElements(By.xpath('//meta[@name=\"viewport\"]'));\nexpect(metaViewport.length).to.be.greaterThan(0);",
                      "err": {},
                      "uuid": "a9f666c1-eb91-4122-97fd-9371e42484e6",
                      "parentUUID": "0248af69-28bc-406e-95dc-7e499bd7baef",
                      "isHook": false,
                      "skipped": false
                    },
                    {
                      "title": "should link to style.css stylesheet",
                      "fullTitle": "UroSmart E2E Selenium Test Suite Responsive Testing on Desktop (1280x800) Page: permission.html should link to style.css stylesheet",
                      "timedOut": false,
                      "duration": 6,
                      "state": "passed",
                      "speed": "fast",
                      "pass": true,
                      "fail": false,
                      "pending": false,
                      "context": null,
                      "code": "const stylesheets = await driver.findElements(By.xpath('//link[@rel=\"stylesheet\"]'));\nlet hasMainStylesheet = false;\nfor (let sheet of stylesheets) {\n  const href = await sheet.getAttribute('href');\n  if (href && href.endsWith('style.css')) {\n    hasMainStylesheet = true;\n    break;\n  }\n}\nexpect(hasMainStylesheet).to.be.true;",
                      "err": {},
                      "uuid": "283def23-f9c9-4658-a66f-88feed0431cf",
                      "parentUUID": "0248af69-28bc-406e-95dc-7e499bd7baef",
                      "isHook": false,
                      "skipped": false
                    },
                    {
                      "title": "should have the primary page element visible",
                      "fullTitle": "UroSmart E2E Selenium Test Suite Responsive Testing on Desktop (1280x800) Page: permission.html should have the primary page element visible",
                      "timedOut": false,
                      "duration": 9,
                      "state": "passed",
                      "speed": "fast",
                      "pass": true,
                      "fail": false,
                      "pending": false,
                      "context": null,
                      "code": "const element = await driver.findElement(By.css(page.primaryElement));\nconst isDisplayed = await element.isDisplayed();\nexpect(isDisplayed).to.be.true;",
                      "err": {},
                      "uuid": "9a47c49f-83d3-45c7-bffd-7ef7180a8bbc",
                      "parentUUID": "0248af69-28bc-406e-95dc-7e499bd7baef",
                      "isHook": false,
                      "skipped": false
                    },
                    {
                      "title": "should have basic accessibility image alt tags",
                      "fullTitle": "UroSmart E2E Selenium Test Suite Responsive Testing on Desktop (1280x800) Page: permission.html should have basic accessibility image alt tags",
                      "timedOut": false,
                      "duration": 18,
                      "state": "passed",
                      "speed": "fast",
                      "pass": true,
                      "fail": false,
                      "pending": false,
                      "context": null,
                      "code": "const images = await driver.findElements(By.css('img'));\nfor (let img of images) {\n  const alt = await img.getAttribute('alt');\n  expect(alt).to.not.be.null;\n}",
                      "err": {},
                      "uuid": "4476fa34-e743-4bc2-8742-350dd9475f97",
                      "parentUUID": "0248af69-28bc-406e-95dc-7e499bd7baef",
                      "isHook": false,
                      "skipped": false
                    },
                    {
                      "title": "should have a clean DOM structure containing the page heading",
                      "fullTitle": "UroSmart E2E Selenium Test Suite Responsive Testing on Desktop (1280x800) Page: permission.html should have a clean DOM structure containing the page heading",
                      "timedOut": false,
                      "duration": 8,
                      "state": "passed",
                      "speed": "fast",
                      "pass": true,
                      "fail": false,
                      "pending": false,
                      "context": null,
                      "code": "const bodyText = await driver.findElement(By.css('body')).getText();\nexpect(bodyText).to.include(page.heading);",
                      "err": {},
                      "uuid": "f7fc6a1c-772c-460c-bfe6-8236ebf3134d",
                      "parentUUID": "0248af69-28bc-406e-95dc-7e499bd7baef",
                      "isHook": false,
                      "skipped": false
                    },
                    {
                      "title": "should contain valid links (href is not blank/broken)",
                      "fullTitle": "UroSmart E2E Selenium Test Suite Responsive Testing on Desktop (1280x800) Page: permission.html should contain valid links (href is not blank/broken)",
                      "timedOut": false,
                      "duration": 3,
                      "state": "passed",
                      "speed": "fast",
                      "pass": true,
                      "fail": false,
                      "pending": false,
                      "context": null,
                      "code": "const links = await driver.findElements(By.css('a'));\nfor (let link of links) {\n  const href = await link.getAttribute('href');\n  if (href && !href.startsWith('mailto:') && !href.startsWith('tel:') && !href.startsWith('http')) {\n    expect(href).to.not.be.empty;\n  }\n}",
                      "err": {},
                      "uuid": "2892cf54-9510-4856-b756-76dfedf12f15",
                      "parentUUID": "0248af69-28bc-406e-95dc-7e499bd7baef",
                      "isHook": false,
                      "skipped": false
                    }
                  ],
                  "suites": [],
                  "passes": [
                    "47dc9789-d9eb-4569-9a6b-2b7c3a90d8a4",
                    "d39fa867-5e7f-4aa7-b158-e2b33690eb09",
                    "a9f666c1-eb91-4122-97fd-9371e42484e6",
                    "283def23-f9c9-4658-a66f-88feed0431cf",
                    "9a47c49f-83d3-45c7-bffd-7ef7180a8bbc",
                    "4476fa34-e743-4bc2-8742-350dd9475f97",
                    "f7fc6a1c-772c-460c-bfe6-8236ebf3134d",
                    "2892cf54-9510-4856-b756-76dfedf12f15"
                  ],
                  "failures": [],
                  "pending": [],
                  "skipped": [],
                  "duration": 53,
                  "root": false,
                  "rootEmpty": false,
                  "_timeout": 120000
                },
                {
                  "uuid": "1b6c233e-f445-498b-b60c-aead95377cc5",
                  "title": "Page: login.html",
                  "fullFile": "C:\\Users\\thanv\\Downloads\\website\\website\\test\\e2e.spec.js",
                  "file": "\\test\\e2e.spec.js",
                  "beforeHooks": [
                    {
                      "title": "\"before all\" hook in \"Page: login.html\"",
                      "fullTitle": "UroSmart E2E Selenium Test Suite Responsive Testing on Desktop (1280x800) Page: login.html \"before all\" hook in \"Page: login.html\"",
                      "timedOut": false,
                      "duration": 26,
                      "state": null,
                      "speed": null,
                      "pass": false,
                      "fail": false,
                      "pending": false,
                      "context": null,
                      "code": "await navigateTo(page.name, page.requiresAuth);",
                      "err": {},
                      "uuid": "a68385de-b04b-4558-983f-8403d06330a2",
                      "parentUUID": "1b6c233e-f445-498b-b60c-aead95377cc5",
                      "isHook": true,
                      "skipped": false
                    }
                  ],
                  "afterHooks": [],
                  "tests": [
                    {
                      "title": "should load successfully without redirects",
                      "fullTitle": "UroSmart E2E Selenium Test Suite Responsive Testing on Desktop (1280x800) Page: login.html should load successfully without redirects",
                      "timedOut": false,
                      "duration": 4,
                      "state": "passed",
                      "speed": "fast",
                      "pass": true,
                      "fail": false,
                      "pending": false,
                      "context": null,
                      "code": "const currentUrl = await driver.getCurrentUrl();\nexpect(currentUrl).to.include(page.name);",
                      "err": {},
                      "uuid": "40ed84f3-fc54-4be3-86a8-e72bb5f4a384",
                      "parentUUID": "1b6c233e-f445-498b-b60c-aead95377cc5",
                      "isHook": false,
                      "skipped": false
                    },
                    {
                      "title": "should have the correct title tag",
                      "fullTitle": "UroSmart E2E Selenium Test Suite Responsive Testing on Desktop (1280x800) Page: login.html should have the correct title tag",
                      "timedOut": false,
                      "duration": 4,
                      "state": "passed",
                      "speed": "fast",
                      "pass": true,
                      "fail": false,
                      "pending": false,
                      "context": null,
                      "code": "const title = await driver.getTitle();\nexpect(title).to.equal(page.title);",
                      "err": {},
                      "uuid": "d3f595e5-477f-4dc7-822a-6906a0355c0f",
                      "parentUUID": "1b6c233e-f445-498b-b60c-aead95377cc5",
                      "isHook": false,
                      "skipped": false
                    },
                    {
                      "title": "should have viewport meta tag for responsiveness",
                      "fullTitle": "UroSmart E2E Selenium Test Suite Responsive Testing on Desktop (1280x800) Page: login.html should have viewport meta tag for responsiveness",
                      "timedOut": false,
                      "duration": 4,
                      "state": "passed",
                      "speed": "fast",
                      "pass": true,
                      "fail": false,
                      "pending": false,
                      "context": null,
                      "code": "const metaViewport = await driver.findElements(By.xpath('//meta[@name=\"viewport\"]'));\nexpect(metaViewport.length).to.be.greaterThan(0);",
                      "err": {},
                      "uuid": "60056ed1-70f2-42bd-8b01-ed99efe5a2ab",
                      "parentUUID": "1b6c233e-f445-498b-b60c-aead95377cc5",
                      "isHook": false,
                      "skipped": false
                    },
                    {
                      "title": "should link to style.css stylesheet",
                      "fullTitle": "UroSmart E2E Selenium Test Suite Responsive Testing on Desktop (1280x800) Page: login.html should link to style.css stylesheet",
                      "timedOut": false,
                      "duration": 7,
                      "state": "passed",
                      "speed": "fast",
                      "pass": true,
                      "fail": false,
                      "pending": false,
                      "context": null,
                      "code": "const stylesheets = await driver.findElements(By.xpath('//link[@rel=\"stylesheet\"]'));\nlet hasMainStylesheet = false;\nfor (let sheet of stylesheets) {\n  const href = await sheet.getAttribute('href');\n  if (href && href.endsWith('style.css')) {\n    hasMainStylesheet = true;\n    break;\n  }\n}\nexpect(hasMainStylesheet).to.be.true;",
                      "err": {},
                      "uuid": "e4a7f93c-c033-4ed6-93f9-462ddf89db67",
                      "parentUUID": "1b6c233e-f445-498b-b60c-aead95377cc5",
                      "isHook": false,
                      "skipped": false
                    },
                    {
                      "title": "should have the primary page element visible",
                      "fullTitle": "UroSmart E2E Selenium Test Suite Responsive Testing on Desktop (1280x800) Page: login.html should have the primary page element visible",
                      "timedOut": false,
                      "duration": 21,
                      "state": "passed",
                      "speed": "fast",
                      "pass": true,
                      "fail": false,
                      "pending": false,
                      "context": null,
                      "code": "const element = await driver.findElement(By.css(page.primaryElement));\nconst isDisplayed = await element.isDisplayed();\nexpect(isDisplayed).to.be.true;",
                      "err": {},
                      "uuid": "a36f56e5-3d45-48c4-b4ee-5007f2c54c3b",
                      "parentUUID": "1b6c233e-f445-498b-b60c-aead95377cc5",
                      "isHook": false,
                      "skipped": false
                    },
                    {
                      "title": "should have basic accessibility image alt tags",
                      "fullTitle": "UroSmart E2E Selenium Test Suite Responsive Testing on Desktop (1280x800) Page: login.html should have basic accessibility image alt tags",
                      "timedOut": false,
                      "duration": 10,
                      "state": "passed",
                      "speed": "fast",
                      "pass": true,
                      "fail": false,
                      "pending": false,
                      "context": null,
                      "code": "const images = await driver.findElements(By.css('img'));\nfor (let img of images) {\n  const alt = await img.getAttribute('alt');\n  expect(alt).to.not.be.null;\n}",
                      "err": {},
                      "uuid": "6271a3bc-0f77-4f7c-b2d7-23cfea853061",
                      "parentUUID": "1b6c233e-f445-498b-b60c-aead95377cc5",
                      "isHook": false,
                      "skipped": false
                    },
                    {
                      "title": "should have a clean DOM structure containing the page heading",
                      "fullTitle": "UroSmart E2E Selenium Test Suite Responsive Testing on Desktop (1280x800) Page: login.html should have a clean DOM structure containing the page heading",
                      "timedOut": false,
                      "duration": 9,
                      "state": "passed",
                      "speed": "fast",
                      "pass": true,
                      "fail": false,
                      "pending": false,
                      "context": null,
                      "code": "const bodyText = await driver.findElement(By.css('body')).getText();\nexpect(bodyText).to.include(page.heading);",
                      "err": {},
                      "uuid": "2375ab2a-6a7e-4627-8014-eb1a0d02fb7a",
                      "parentUUID": "1b6c233e-f445-498b-b60c-aead95377cc5",
                      "isHook": false,
                      "skipped": false
                    },
                    {
                      "title": "should contain valid links (href is not blank/broken)",
                      "fullTitle": "UroSmart E2E Selenium Test Suite Responsive Testing on Desktop (1280x800) Page: login.html should contain valid links (href is not blank/broken)",
                      "timedOut": false,
                      "duration": 10,
                      "state": "passed",
                      "speed": "fast",
                      "pass": true,
                      "fail": false,
                      "pending": false,
                      "context": null,
                      "code": "const links = await driver.findElements(By.css('a'));\nfor (let link of links) {\n  const href = await link.getAttribute('href');\n  if (href && !href.startsWith('mailto:') && !href.startsWith('tel:') && !href.startsWith('http')) {\n    expect(href).to.not.be.empty;\n  }\n}",
                      "err": {},
                      "uuid": "5a434162-9a46-4669-a7e5-82f1f804747c",
                      "parentUUID": "1b6c233e-f445-498b-b60c-aead95377cc5",
                      "isHook": false,
                      "skipped": false
                    }
                  ],
                  "suites": [],
                  "passes": [
                    "40ed84f3-fc54-4be3-86a8-e72bb5f4a384",
                    "d3f595e5-477f-4dc7-822a-6906a0355c0f",
                    "60056ed1-70f2-42bd-8b01-ed99efe5a2ab",
                    "e4a7f93c-c033-4ed6-93f9-462ddf89db67",
                    "a36f56e5-3d45-48c4-b4ee-5007f2c54c3b",
                    "6271a3bc-0f77-4f7c-b2d7-23cfea853061",
                    "2375ab2a-6a7e-4627-8014-eb1a0d02fb7a",
                    "5a434162-9a46-4669-a7e5-82f1f804747c"
                  ],
                  "failures": [],
                  "pending": [],
                  "skipped": [],
                  "duration": 69,
                  "root": false,
                  "rootEmpty": false,
                  "_timeout": 120000
                },
                {
                  "uuid": "99fc6cf3-572a-4046-b033-3936318d961f",
                  "title": "Page: signup.html",
                  "fullFile": "C:\\Users\\thanv\\Downloads\\website\\website\\test\\e2e.spec.js",
                  "file": "\\test\\e2e.spec.js",
                  "beforeHooks": [
                    {
                      "title": "\"before all\" hook in \"Page: signup.html\"",
                      "fullTitle": "UroSmart E2E Selenium Test Suite Responsive Testing on Desktop (1280x800) Page: signup.html \"before all\" hook in \"Page: signup.html\"",
                      "timedOut": false,
                      "duration": 35,
                      "state": null,
                      "speed": null,
                      "pass": false,
                      "fail": false,
                      "pending": false,
                      "context": null,
                      "code": "await navigateTo(page.name, page.requiresAuth);",
                      "err": {},
                      "uuid": "a5330f94-6cd8-4c92-bffa-b31494272067",
                      "parentUUID": "99fc6cf3-572a-4046-b033-3936318d961f",
                      "isHook": true,
                      "skipped": false
                    }
                  ],
                  "afterHooks": [],
                  "tests": [
                    {
                      "title": "should load successfully without redirects",
                      "fullTitle": "UroSmart E2E Selenium Test Suite Responsive Testing on Desktop (1280x800) Page: signup.html should load successfully without redirects",
                      "timedOut": false,
                      "duration": 2,
                      "state": "passed",
                      "speed": "fast",
                      "pass": true,
                      "fail": false,
                      "pending": false,
                      "context": null,
                      "code": "const currentUrl = await driver.getCurrentUrl();\nexpect(currentUrl).to.include(page.name);",
                      "err": {},
                      "uuid": "a8594fd7-5d5d-49f9-8cdf-1b58d6dae908",
                      "parentUUID": "99fc6cf3-572a-4046-b033-3936318d961f",
                      "isHook": false,
                      "skipped": false
                    },
                    {
                      "title": "should have the correct title tag",
                      "fullTitle": "UroSmart E2E Selenium Test Suite Responsive Testing on Desktop (1280x800) Page: signup.html should have the correct title tag",
                      "timedOut": false,
                      "duration": 3,
                      "state": "passed",
                      "speed": "fast",
                      "pass": true,
                      "fail": false,
                      "pending": false,
                      "context": null,
                      "code": "const title = await driver.getTitle();\nexpect(title).to.equal(page.title);",
                      "err": {},
                      "uuid": "adf1dbe2-89ff-4147-930c-1c55ab8258b8",
                      "parentUUID": "99fc6cf3-572a-4046-b033-3936318d961f",
                      "isHook": false,
                      "skipped": false
                    },
                    {
                      "title": "should have viewport meta tag for responsiveness",
                      "fullTitle": "UroSmart E2E Selenium Test Suite Responsive Testing on Desktop (1280x800) Page: signup.html should have viewport meta tag for responsiveness",
                      "timedOut": false,
                      "duration": 4,
                      "state": "passed",
                      "speed": "fast",
                      "pass": true,
                      "fail": false,
                      "pending": false,
                      "context": null,
                      "code": "const metaViewport = await driver.findElements(By.xpath('//meta[@name=\"viewport\"]'));\nexpect(metaViewport.length).to.be.greaterThan(0);",
                      "err": {},
                      "uuid": "4c86e392-7506-4919-a988-99095d411e76",
                      "parentUUID": "99fc6cf3-572a-4046-b033-3936318d961f",
                      "isHook": false,
                      "skipped": false
                    },
                    {
                      "title": "should link to style.css stylesheet",
                      "fullTitle": "UroSmart E2E Selenium Test Suite Responsive Testing on Desktop (1280x800) Page: signup.html should link to style.css stylesheet",
                      "timedOut": false,
                      "duration": 8,
                      "state": "passed",
                      "speed": "fast",
                      "pass": true,
                      "fail": false,
                      "pending": false,
                      "context": null,
                      "code": "const stylesheets = await driver.findElements(By.xpath('//link[@rel=\"stylesheet\"]'));\nlet hasMainStylesheet = false;\nfor (let sheet of stylesheets) {\n  const href = await sheet.getAttribute('href');\n  if (href && href.endsWith('style.css')) {\n    hasMainStylesheet = true;\n    break;\n  }\n}\nexpect(hasMainStylesheet).to.be.true;",
                      "err": {},
                      "uuid": "82b507f2-19b0-4b37-b7c9-5db60a666397",
                      "parentUUID": "99fc6cf3-572a-4046-b033-3936318d961f",
                      "isHook": false,
                      "skipped": false
                    },
                    {
                      "title": "should have the primary page element visible",
                      "fullTitle": "UroSmart E2E Selenium Test Suite Responsive Testing on Desktop (1280x800) Page: signup.html should have the primary page element visible",
                      "timedOut": false,
                      "duration": 8,
                      "state": "passed",
                      "speed": "fast",
                      "pass": true,
                      "fail": false,
                      "pending": false,
                      "context": null,
                      "code": "const element = await driver.findElement(By.css(page.primaryElement));\nconst isDisplayed = await element.isDisplayed();\nexpect(isDisplayed).to.be.true;",
                      "err": {},
                      "uuid": "c7dfee69-2c28-4267-a6bd-44a55463c96c",
                      "parentUUID": "99fc6cf3-572a-4046-b033-3936318d961f",
                      "isHook": false,
                      "skipped": false
                    },
                    {
                      "title": "should have basic accessibility image alt tags",
                      "fullTitle": "UroSmart E2E Selenium Test Suite Responsive Testing on Desktop (1280x800) Page: signup.html should have basic accessibility image alt tags",
                      "timedOut": false,
                      "duration": 14,
                      "state": "passed",
                      "speed": "fast",
                      "pass": true,
                      "fail": false,
                      "pending": false,
                      "context": null,
                      "code": "const images = await driver.findElements(By.css('img'));\nfor (let img of images) {\n  const alt = await img.getAttribute('alt');\n  expect(alt).to.not.be.null;\n}",
                      "err": {},
                      "uuid": "0984d2ed-850e-4b94-994f-0bfc088f0783",
                      "parentUUID": "99fc6cf3-572a-4046-b033-3936318d961f",
                      "isHook": false,
                      "skipped": false
                    },
                    {
                      "title": "should have a clean DOM structure containing the page heading",
                      "fullTitle": "UroSmart E2E Selenium Test Suite Responsive Testing on Desktop (1280x800) Page: signup.html should have a clean DOM structure containing the page heading",
                      "timedOut": false,
                      "duration": 10,
                      "state": "passed",
                      "speed": "fast",
                      "pass": true,
                      "fail": false,
                      "pending": false,
                      "context": null,
                      "code": "const bodyText = await driver.findElement(By.css('body')).getText();\nexpect(bodyText).to.include(page.heading);",
                      "err": {},
                      "uuid": "15293446-2adc-480c-ab6c-d618cc7d8f00",
                      "parentUUID": "99fc6cf3-572a-4046-b033-3936318d961f",
                      "isHook": false,
                      "skipped": false
                    },
                    {
                      "title": "should contain valid links (href is not blank/broken)",
                      "fullTitle": "UroSmart E2E Selenium Test Suite Responsive Testing on Desktop (1280x800) Page: signup.html should contain valid links (href is not blank/broken)",
                      "timedOut": false,
                      "duration": 6,
                      "state": "passed",
                      "speed": "fast",
                      "pass": true,
                      "fail": false,
                      "pending": false,
                      "context": null,
                      "code": "const links = await driver.findElements(By.css('a'));\nfor (let link of links) {\n  const href = await link.getAttribute('href');\n  if (href && !href.startsWith('mailto:') && !href.startsWith('tel:') && !href.startsWith('http')) {\n    expect(href).to.not.be.empty;\n  }\n}",
                      "err": {},
                      "uuid": "f692a019-37af-417f-8157-90e52b9117eb",
                      "parentUUID": "99fc6cf3-572a-4046-b033-3936318d961f",
                      "isHook": false,
                      "skipped": false
                    }
                  ],
                  "suites": [],
                  "passes": [
                    "a8594fd7-5d5d-49f9-8cdf-1b58d6dae908",
                    "adf1dbe2-89ff-4147-930c-1c55ab8258b8",
                    "4c86e392-7506-4919-a988-99095d411e76",
                    "82b507f2-19b0-4b37-b7c9-5db60a666397",
                    "c7dfee69-2c28-4267-a6bd-44a55463c96c",
                    "0984d2ed-850e-4b94-994f-0bfc088f0783",
                    "15293446-2adc-480c-ab6c-d618cc7d8f00",
                    "f692a019-37af-417f-8157-90e52b9117eb"
                  ],
                  "failures": [],
                  "pending": [],
                  "skipped": [],
                  "duration": 55,
                  "root": false,
                  "rootEmpty": false,
                  "_timeout": 120000
                },
                {
                  "uuid": "44a3edaf-c169-4be9-b80f-b1b97d877725",
                  "title": "Page: forgot-password.html",
                  "fullFile": "C:\\Users\\thanv\\Downloads\\website\\website\\test\\e2e.spec.js",
                  "file": "\\test\\e2e.spec.js",
                  "beforeHooks": [
                    {
                      "title": "\"before all\" hook in \"Page: forgot-password.html\"",
                      "fullTitle": "UroSmart E2E Selenium Test Suite Responsive Testing on Desktop (1280x800) Page: forgot-password.html \"before all\" hook in \"Page: forgot-password.html\"",
                      "timedOut": false,
                      "duration": 32,
                      "state": null,
                      "speed": null,
                      "pass": false,
                      "fail": false,
                      "pending": false,
                      "context": null,
                      "code": "await navigateTo(page.name, page.requiresAuth);",
                      "err": {},
                      "uuid": "05d676ca-db57-43a0-90c2-0ca72427b981",
                      "parentUUID": "44a3edaf-c169-4be9-b80f-b1b97d877725",
                      "isHook": true,
                      "skipped": false
                    }
                  ],
                  "afterHooks": [],
                  "tests": [
                    {
                      "title": "should load successfully without redirects",
                      "fullTitle": "UroSmart E2E Selenium Test Suite Responsive Testing on Desktop (1280x800) Page: forgot-password.html should load successfully without redirects",
                      "timedOut": false,
                      "duration": 4,
                      "state": "passed",
                      "speed": "fast",
                      "pass": true,
                      "fail": false,
                      "pending": false,
                      "context": null,
                      "code": "const currentUrl = await driver.getCurrentUrl();\nexpect(currentUrl).to.include(page.name);",
                      "err": {},
                      "uuid": "dc8740f8-f758-46e1-8433-470758d223f9",
                      "parentUUID": "44a3edaf-c169-4be9-b80f-b1b97d877725",
                      "isHook": false,
                      "skipped": false
                    },
                    {
                      "title": "should have the correct title tag",
                      "fullTitle": "UroSmart E2E Selenium Test Suite Responsive Testing on Desktop (1280x800) Page: forgot-password.html should have the correct title tag",
                      "timedOut": false,
                      "duration": 2,
                      "state": "passed",
                      "speed": "fast",
                      "pass": true,
                      "fail": false,
                      "pending": false,
                      "context": null,
                      "code": "const title = await driver.getTitle();\nexpect(title).to.equal(page.title);",
                      "err": {},
                      "uuid": "0175c799-fbf2-4a17-8fb6-544a27bdac43",
                      "parentUUID": "44a3edaf-c169-4be9-b80f-b1b97d877725",
                      "isHook": false,
                      "skipped": false
                    },
                    {
                      "title": "should have viewport meta tag for responsiveness",
                      "fullTitle": "UroSmart E2E Selenium Test Suite Responsive Testing on Desktop (1280x800) Page: forgot-password.html should have viewport meta tag for responsiveness",
                      "timedOut": false,
                      "duration": 4,
                      "state": "passed",
                      "speed": "fast",
                      "pass": true,
                      "fail": false,
                      "pending": false,
                      "context": null,
                      "code": "const metaViewport = await driver.findElements(By.xpath('//meta[@name=\"viewport\"]'));\nexpect(metaViewport.length).to.be.greaterThan(0);",
                      "err": {},
                      "uuid": "58af3d2c-bdd8-4594-afe5-9bc95944a343",
                      "parentUUID": "44a3edaf-c169-4be9-b80f-b1b97d877725",
                      "isHook": false,
                      "skipped": false
                    },
                    {
                      "title": "should link to style.css stylesheet",
                      "fullTitle": "UroSmart E2E Selenium Test Suite Responsive Testing on Desktop (1280x800) Page: forgot-password.html should link to style.css stylesheet",
                      "timedOut": false,
                      "duration": 8,
                      "state": "passed",
                      "speed": "fast",
                      "pass": true,
                      "fail": false,
                      "pending": false,
                      "context": null,
                      "code": "const stylesheets = await driver.findElements(By.xpath('//link[@rel=\"stylesheet\"]'));\nlet hasMainStylesheet = false;\nfor (let sheet of stylesheets) {\n  const href = await sheet.getAttribute('href');\n  if (href && href.endsWith('style.css')) {\n    hasMainStylesheet = true;\n    break;\n  }\n}\nexpect(hasMainStylesheet).to.be.true;",
                      "err": {},
                      "uuid": "cece6683-30d2-4d7e-bfec-d8a7cee98a4c",
                      "parentUUID": "44a3edaf-c169-4be9-b80f-b1b97d877725",
                      "isHook": false,
                      "skipped": false
                    },
                    {
                      "title": "should have the primary page element visible",
                      "fullTitle": "UroSmart E2E Selenium Test Suite Responsive Testing on Desktop (1280x800) Page: forgot-password.html should have the primary page element visible",
                      "timedOut": false,
                      "duration": 10,
                      "state": "passed",
                      "speed": "fast",
                      "pass": true,
                      "fail": false,
                      "pending": false,
                      "context": null,
                      "code": "const element = await driver.findElement(By.css(page.primaryElement));\nconst isDisplayed = await element.isDisplayed();\nexpect(isDisplayed).to.be.true;",
                      "err": {},
                      "uuid": "c201fd03-a8dc-490d-99c1-97fc5e3025db",
                      "parentUUID": "44a3edaf-c169-4be9-b80f-b1b97d877725",
                      "isHook": false,
                      "skipped": false
                    },
                    {
                      "title": "should have basic accessibility image alt tags",
                      "fullTitle": "UroSmart E2E Selenium Test Suite Responsive Testing on Desktop (1280x800) Page: forgot-password.html should have basic accessibility image alt tags",
                      "timedOut": false,
                      "duration": 6,
                      "state": "passed",
                      "speed": "fast",
                      "pass": true,
                      "fail": false,
                      "pending": false,
                      "context": null,
                      "code": "const images = await driver.findElements(By.css('img'));\nfor (let img of images) {\n  const alt = await img.getAttribute('alt');\n  expect(alt).to.not.be.null;\n}",
                      "err": {},
                      "uuid": "4e9b204c-83fd-4fa7-b5c5-a81def88e101",
                      "parentUUID": "44a3edaf-c169-4be9-b80f-b1b97d877725",
                      "isHook": false,
                      "skipped": false
                    },
                    {
                      "title": "should have a clean DOM structure containing the page heading",
                      "fullTitle": "UroSmart E2E Selenium Test Suite Responsive Testing on Desktop (1280x800) Page: forgot-password.html should have a clean DOM structure containing the page heading",
                      "timedOut": false,
                      "duration": 8,
                      "state": "passed",
                      "speed": "fast",
                      "pass": true,
                      "fail": false,
                      "pending": false,
                      "context": null,
                      "code": "const bodyText = await driver.findElement(By.css('body')).getText();\nexpect(bodyText).to.include(page.heading);",
                      "err": {},
                      "uuid": "83c5ba7f-82c6-4a65-a4cc-3e5d394e0e89",
                      "parentUUID": "44a3edaf-c169-4be9-b80f-b1b97d877725",
                      "isHook": false,
                      "skipped": false
                    },
                    {
                      "title": "should contain valid links (href is not blank/broken)",
                      "fullTitle": "UroSmart E2E Selenium Test Suite Responsive Testing on Desktop (1280x800) Page: forgot-password.html should contain valid links (href is not blank/broken)",
                      "timedOut": false,
                      "duration": 7,
                      "state": "passed",
                      "speed": "fast",
                      "pass": true,
                      "fail": false,
                      "pending": false,
                      "context": null,
                      "code": "const links = await driver.findElements(By.css('a'));\nfor (let link of links) {\n  const href = await link.getAttribute('href');\n  if (href && !href.startsWith('mailto:') && !href.startsWith('tel:') && !href.startsWith('http')) {\n    expect(href).to.not.be.empty;\n  }\n}",
                      "err": {},
                      "uuid": "32bf220c-48f0-4954-8c88-90d4ec33eb95",
                      "parentUUID": "44a3edaf-c169-4be9-b80f-b1b97d877725",
                      "isHook": false,
                      "skipped": false
                    }
                  ],
                  "suites": [],
                  "passes": [
                    "dc8740f8-f758-46e1-8433-470758d223f9",
                    "0175c799-fbf2-4a17-8fb6-544a27bdac43",
                    "58af3d2c-bdd8-4594-afe5-9bc95944a343",
                    "cece6683-30d2-4d7e-bfec-d8a7cee98a4c",
                    "c201fd03-a8dc-490d-99c1-97fc5e3025db",
                    "4e9b204c-83fd-4fa7-b5c5-a81def88e101",
                    "83c5ba7f-82c6-4a65-a4cc-3e5d394e0e89",
                    "32bf220c-48f0-4954-8c88-90d4ec33eb95"
                  ],
                  "failures": [],
                  "pending": [],
                  "skipped": [],
                  "duration": 49,
                  "root": false,
                  "rootEmpty": false,
                  "_timeout": 120000
                },
                {
                  "uuid": "e5cc86c3-d325-41ea-b086-f1e62706ba15",
                  "title": "Page: reset-password.html",
                  "fullFile": "C:\\Users\\thanv\\Downloads\\website\\website\\test\\e2e.spec.js",
                  "file": "\\test\\e2e.spec.js",
                  "beforeHooks": [
                    {
                      "title": "\"before all\" hook in \"Page: reset-password.html\"",
                      "fullTitle": "UroSmart E2E Selenium Test Suite Responsive Testing on Desktop (1280x800) Page: reset-password.html \"before all\" hook in \"Page: reset-password.html\"",
                      "timedOut": false,
                      "duration": 33,
                      "state": null,
                      "speed": null,
                      "pass": false,
                      "fail": false,
                      "pending": false,
                      "context": null,
                      "code": "await navigateTo(page.name, page.requiresAuth);",
                      "err": {},
                      "uuid": "ac28fe7e-d881-42d9-9a53-cf0d29ebf246",
                      "parentUUID": "e5cc86c3-d325-41ea-b086-f1e62706ba15",
                      "isHook": true,
                      "skipped": false
                    }
                  ],
                  "afterHooks": [],
                  "tests": [
                    {
                      "title": "should load successfully without redirects",
                      "fullTitle": "UroSmart E2E Selenium Test Suite Responsive Testing on Desktop (1280x800) Page: reset-password.html should load successfully without redirects",
                      "timedOut": false,
                      "duration": 4,
                      "state": "passed",
                      "speed": "fast",
                      "pass": true,
                      "fail": false,
                      "pending": false,
                      "context": null,
                      "code": "const currentUrl = await driver.getCurrentUrl();\nexpect(currentUrl).to.include(page.name);",
                      "err": {},
                      "uuid": "9869005c-ddd5-4afa-b040-1e0eb144f205",
                      "parentUUID": "e5cc86c3-d325-41ea-b086-f1e62706ba15",
                      "isHook": false,
                      "skipped": false
                    },
                    {
                      "title": "should have the correct title tag",
                      "fullTitle": "UroSmart E2E Selenium Test Suite Responsive Testing on Desktop (1280x800) Page: reset-password.html should have the correct title tag",
                      "timedOut": false,
                      "duration": 2,
                      "state": "passed",
                      "speed": "fast",
                      "pass": true,
                      "fail": false,
                      "pending": false,
                      "context": null,
                      "code": "const title = await driver.getTitle();\nexpect(title).to.equal(page.title);",
                      "err": {},
                      "uuid": "707b61ae-f395-4bd4-8274-e1fe0c2ed475",
                      "parentUUID": "e5cc86c3-d325-41ea-b086-f1e62706ba15",
                      "isHook": false,
                      "skipped": false
                    },
                    {
                      "title": "should have viewport meta tag for responsiveness",
                      "fullTitle": "UroSmart E2E Selenium Test Suite Responsive Testing on Desktop (1280x800) Page: reset-password.html should have viewport meta tag for responsiveness",
                      "timedOut": false,
                      "duration": 4,
                      "state": "passed",
                      "speed": "fast",
                      "pass": true,
                      "fail": false,
                      "pending": false,
                      "context": null,
                      "code": "const metaViewport = await driver.findElements(By.xpath('//meta[@name=\"viewport\"]'));\nexpect(metaViewport.length).to.be.greaterThan(0);",
                      "err": {},
                      "uuid": "304c2d18-edb6-4257-8de8-5bf1cb40f7d2",
                      "parentUUID": "e5cc86c3-d325-41ea-b086-f1e62706ba15",
                      "isHook": false,
                      "skipped": false
                    },
                    {
                      "title": "should link to style.css stylesheet",
                      "fullTitle": "UroSmart E2E Selenium Test Suite Responsive Testing on Desktop (1280x800) Page: reset-password.html should link to style.css stylesheet",
                      "timedOut": false,
                      "duration": 7,
                      "state": "passed",
                      "speed": "fast",
                      "pass": true,
                      "fail": false,
                      "pending": false,
                      "context": null,
                      "code": "const stylesheets = await driver.findElements(By.xpath('//link[@rel=\"stylesheet\"]'));\nlet hasMainStylesheet = false;\nfor (let sheet of stylesheets) {\n  const href = await sheet.getAttribute('href');\n  if (href && href.endsWith('style.css')) {\n    hasMainStylesheet = true;\n    break;\n  }\n}\nexpect(hasMainStylesheet).to.be.true;",
                      "err": {},
                      "uuid": "e0738297-6c27-4a01-8ce9-8577edfc5818",
                      "parentUUID": "e5cc86c3-d325-41ea-b086-f1e62706ba15",
                      "isHook": false,
                      "skipped": false
                    },
                    {
                      "title": "should have the primary page element visible",
                      "fullTitle": "UroSmart E2E Selenium Test Suite Responsive Testing on Desktop (1280x800) Page: reset-password.html should have the primary page element visible",
                      "timedOut": false,
                      "duration": 7,
                      "state": "passed",
                      "speed": "fast",
                      "pass": true,
                      "fail": false,
                      "pending": false,
                      "context": null,
                      "code": "const element = await driver.findElement(By.css(page.primaryElement));\nconst isDisplayed = await element.isDisplayed();\nexpect(isDisplayed).to.be.true;",
                      "err": {},
                      "uuid": "c7346b3e-4aa8-4ad6-8328-dc5f805d6369",
                      "parentUUID": "e5cc86c3-d325-41ea-b086-f1e62706ba15",
                      "isHook": false,
                      "skipped": false
                    },
                    {
                      "title": "should have basic accessibility image alt tags",
                      "fullTitle": "UroSmart E2E Selenium Test Suite Responsive Testing on Desktop (1280x800) Page: reset-password.html should have basic accessibility image alt tags",
                      "timedOut": false,
                      "duration": 13,
                      "state": "passed",
                      "speed": "fast",
                      "pass": true,
                      "fail": false,
                      "pending": false,
                      "context": null,
                      "code": "const images = await driver.findElements(By.css('img'));\nfor (let img of images) {\n  const alt = await img.getAttribute('alt');\n  expect(alt).to.not.be.null;\n}",
                      "err": {},
                      "uuid": "7d399519-0976-40e9-8c13-9c30bb38bd41",
                      "parentUUID": "e5cc86c3-d325-41ea-b086-f1e62706ba15",
                      "isHook": false,
                      "skipped": false
                    },
                    {
                      "title": "should have a clean DOM structure containing the page heading",
                      "fullTitle": "UroSmart E2E Selenium Test Suite Responsive Testing on Desktop (1280x800) Page: reset-password.html should have a clean DOM structure containing the page heading",
                      "timedOut": false,
                      "duration": 9,
                      "state": "passed",
                      "speed": "fast",
                      "pass": true,
                      "fail": false,
                      "pending": false,
                      "context": null,
                      "code": "const bodyText = await driver.findElement(By.css('body')).getText();\nexpect(bodyText).to.include(page.heading);",
                      "err": {},
                      "uuid": "c52cd309-d575-48e7-a728-d373b1d42806",
                      "parentUUID": "e5cc86c3-d325-41ea-b086-f1e62706ba15",
                      "isHook": false,
                      "skipped": false
                    },
                    {
                      "title": "should contain valid links (href is not blank/broken)",
                      "fullTitle": "UroSmart E2E Selenium Test Suite Responsive Testing on Desktop (1280x800) Page: reset-password.html should contain valid links (href is not blank/broken)",
                      "timedOut": false,
                      "duration": 4,
                      "state": "passed",
                      "speed": "fast",
                      "pass": true,
                      "fail": false,
                      "pending": false,
                      "context": null,
                      "code": "const links = await driver.findElements(By.css('a'));\nfor (let link of links) {\n  const href = await link.getAttribute('href');\n  if (href && !href.startsWith('mailto:') && !href.startsWith('tel:') && !href.startsWith('http')) {\n    expect(href).to.not.be.empty;\n  }\n}",
                      "err": {},
                      "uuid": "48c107e4-6be5-4641-bddc-4883cbeaf169",
                      "parentUUID": "e5cc86c3-d325-41ea-b086-f1e62706ba15",
                      "isHook": false,
                      "skipped": false
                    }
                  ],
                  "suites": [],
                  "passes": [
                    "9869005c-ddd5-4afa-b040-1e0eb144f205",
                    "707b61ae-f395-4bd4-8274-e1fe0c2ed475",
                    "304c2d18-edb6-4257-8de8-5bf1cb40f7d2",
                    "e0738297-6c27-4a01-8ce9-8577edfc5818",
                    "c7346b3e-4aa8-4ad6-8328-dc5f805d6369",
                    "7d399519-0976-40e9-8c13-9c30bb38bd41",
                    "c52cd309-d575-48e7-a728-d373b1d42806",
                    "48c107e4-6be5-4641-bddc-4883cbeaf169"
                  ],
                  "failures": [],
                  "pending": [],
                  "skipped": [],
                  "duration": 50,
                  "root": false,
                  "rootEmpty": false,
                  "_timeout": 120000
                },
                {
                  "uuid": "aeeed5ca-7f0c-4f1a-bc4f-1d77a62a2224",
                  "title": "Page: dashboard.html",
                  "fullFile": "C:\\Users\\thanv\\Downloads\\website\\website\\test\\e2e.spec.js",
                  "file": "\\test\\e2e.spec.js",
                  "beforeHooks": [
                    {
                      "title": "\"before all\" hook in \"Page: dashboard.html\"",
                      "fullTitle": "UroSmart E2E Selenium Test Suite Responsive Testing on Desktop (1280x800) Page: dashboard.html \"before all\" hook in \"Page: dashboard.html\"",
                      "timedOut": false,
                      "duration": 681,
                      "state": null,
                      "speed": null,
                      "pass": false,
                      "fail": false,
                      "pending": false,
                      "context": null,
                      "code": "await navigateTo(page.name, page.requiresAuth);",
                      "err": {},
                      "uuid": "67dfb0f9-1190-4a7d-885d-dbf5e0a7caeb",
                      "parentUUID": "aeeed5ca-7f0c-4f1a-bc4f-1d77a62a2224",
                      "isHook": true,
                      "skipped": false
                    }
                  ],
                  "afterHooks": [],
                  "tests": [
                    {
                      "title": "should load successfully without redirects",
                      "fullTitle": "UroSmart E2E Selenium Test Suite Responsive Testing on Desktop (1280x800) Page: dashboard.html should load successfully without redirects",
                      "timedOut": false,
                      "duration": 2,
                      "state": "passed",
                      "speed": "fast",
                      "pass": true,
                      "fail": false,
                      "pending": false,
                      "context": null,
                      "code": "const currentUrl = await driver.getCurrentUrl();\nexpect(currentUrl).to.include(page.name);",
                      "err": {},
                      "uuid": "2a0b7303-3958-4c1e-97a4-acbb5c2653a7",
                      "parentUUID": "aeeed5ca-7f0c-4f1a-bc4f-1d77a62a2224",
                      "isHook": false,
                      "skipped": false
                    },
                    {
                      "title": "should have the correct title tag",
                      "fullTitle": "UroSmart E2E Selenium Test Suite Responsive Testing on Desktop (1280x800) Page: dashboard.html should have the correct title tag",
                      "timedOut": false,
                      "duration": 3,
                      "state": "passed",
                      "speed": "fast",
                      "pass": true,
                      "fail": false,
                      "pending": false,
                      "context": null,
                      "code": "const title = await driver.getTitle();\nexpect(title).to.equal(page.title);",
                      "err": {},
                      "uuid": "d36fa6d4-6bc4-4ed6-bdac-5f6ee7c314af",
                      "parentUUID": "aeeed5ca-7f0c-4f1a-bc4f-1d77a62a2224",
                      "isHook": false,
                      "skipped": false
                    },
                    {
                      "title": "should have viewport meta tag for responsiveness",
                      "fullTitle": "UroSmart E2E Selenium Test Suite Responsive Testing on Desktop (1280x800) Page: dashboard.html should have viewport meta tag for responsiveness",
                      "timedOut": false,
                      "duration": 26,
                      "state": "passed",
                      "speed": "fast",
                      "pass": true,
                      "fail": false,
                      "pending": false,
                      "context": null,
                      "code": "const metaViewport = await driver.findElements(By.xpath('//meta[@name=\"viewport\"]'));\nexpect(metaViewport.length).to.be.greaterThan(0);",
                      "err": {},
                      "uuid": "f689ff9f-fe94-4da3-a6e6-98d53df3d766",
                      "parentUUID": "aeeed5ca-7f0c-4f1a-bc4f-1d77a62a2224",
                      "isHook": false,
                      "skipped": false
                    },
                    {
                      "title": "should link to style.css stylesheet",
                      "fullTitle": "UroSmart E2E Selenium Test Suite Responsive Testing on Desktop (1280x800) Page: dashboard.html should link to style.css stylesheet",
                      "timedOut": false,
                      "duration": 7,
                      "state": "passed",
                      "speed": "fast",
                      "pass": true,
                      "fail": false,
                      "pending": false,
                      "context": null,
                      "code": "const stylesheets = await driver.findElements(By.xpath('//link[@rel=\"stylesheet\"]'));\nlet hasMainStylesheet = false;\nfor (let sheet of stylesheets) {\n  const href = await sheet.getAttribute('href');\n  if (href && href.endsWith('style.css')) {\n    hasMainStylesheet = true;\n    break;\n  }\n}\nexpect(hasMainStylesheet).to.be.true;",
                      "err": {},
                      "uuid": "74f1a1ca-e032-431a-ac1a-47d9b6fd95e3",
                      "parentUUID": "aeeed5ca-7f0c-4f1a-bc4f-1d77a62a2224",
                      "isHook": false,
                      "skipped": false
                    },
                    {
                      "title": "should have the primary page element visible",
                      "fullTitle": "UroSmart E2E Selenium Test Suite Responsive Testing on Desktop (1280x800) Page: dashboard.html should have the primary page element visible",
                      "timedOut": false,
                      "duration": 8,
                      "state": "passed",
                      "speed": "fast",
                      "pass": true,
                      "fail": false,
                      "pending": false,
                      "context": null,
                      "code": "const element = await driver.findElement(By.css(page.primaryElement));\nconst isDisplayed = await element.isDisplayed();\nexpect(isDisplayed).to.be.true;",
                      "err": {},
                      "uuid": "04eb4ea1-d32c-41dd-bde3-9e1ae0eb8123",
                      "parentUUID": "aeeed5ca-7f0c-4f1a-bc4f-1d77a62a2224",
                      "isHook": false,
                      "skipped": false
                    },
                    {
                      "title": "should have basic accessibility image alt tags",
                      "fullTitle": "UroSmart E2E Selenium Test Suite Responsive Testing on Desktop (1280x800) Page: dashboard.html should have basic accessibility image alt tags",
                      "timedOut": false,
                      "duration": 25,
                      "state": "passed",
                      "speed": "fast",
                      "pass": true,
                      "fail": false,
                      "pending": false,
                      "context": null,
                      "code": "const images = await driver.findElements(By.css('img'));\nfor (let img of images) {\n  const alt = await img.getAttribute('alt');\n  expect(alt).to.not.be.null;\n}",
                      "err": {},
                      "uuid": "8dfbaa03-3499-4c7c-865b-c9237f7ec4cb",
                      "parentUUID": "aeeed5ca-7f0c-4f1a-bc4f-1d77a62a2224",
                      "isHook": false,
                      "skipped": false
                    },
                    {
                      "title": "should have a clean DOM structure containing the page heading",
                      "fullTitle": "UroSmart E2E Selenium Test Suite Responsive Testing on Desktop (1280x800) Page: dashboard.html should have a clean DOM structure containing the page heading",
                      "timedOut": false,
                      "duration": 9,
                      "state": "passed",
                      "speed": "fast",
                      "pass": true,
                      "fail": false,
                      "pending": false,
                      "context": null,
                      "code": "const bodyText = await driver.findElement(By.css('body')).getText();\nexpect(bodyText).to.include(page.heading);",
                      "err": {},
                      "uuid": "eddaf137-7028-4fe9-bb98-97089d30640c",
                      "parentUUID": "aeeed5ca-7f0c-4f1a-bc4f-1d77a62a2224",
                      "isHook": false,
                      "skipped": false
                    },
                    {
                      "title": "should contain valid links (href is not blank/broken)",
                      "fullTitle": "UroSmart E2E Selenium Test Suite Responsive Testing on Desktop (1280x800) Page: dashboard.html should contain valid links (href is not blank/broken)",
                      "timedOut": false,
                      "duration": 22,
                      "state": "passed",
                      "speed": "fast",
                      "pass": true,
                      "fail": false,
                      "pending": false,
                      "context": null,
                      "code": "const links = await driver.findElements(By.css('a'));\nfor (let link of links) {\n  const href = await link.getAttribute('href');\n  if (href && !href.startsWith('mailto:') && !href.startsWith('tel:') && !href.startsWith('http')) {\n    expect(href).to.not.be.empty;\n  }\n}",
                      "err": {},
                      "uuid": "9043b119-80db-4128-9ff1-d21d6b891873",
                      "parentUUID": "aeeed5ca-7f0c-4f1a-bc4f-1d77a62a2224",
                      "isHook": false,
                      "skipped": false
                    }
                  ],
                  "suites": [],
                  "passes": [
                    "2a0b7303-3958-4c1e-97a4-acbb5c2653a7",
                    "d36fa6d4-6bc4-4ed6-bdac-5f6ee7c314af",
                    "f689ff9f-fe94-4da3-a6e6-98d53df3d766",
                    "74f1a1ca-e032-431a-ac1a-47d9b6fd95e3",
                    "04eb4ea1-d32c-41dd-bde3-9e1ae0eb8123",
                    "8dfbaa03-3499-4c7c-865b-c9237f7ec4cb",
                    "eddaf137-7028-4fe9-bb98-97089d30640c",
                    "9043b119-80db-4128-9ff1-d21d6b891873"
                  ],
                  "failures": [],
                  "pending": [],
                  "skipped": [],
                  "duration": 102,
                  "root": false,
                  "rootEmpty": false,
                  "_timeout": 120000
                },
                {
[...]
                      "isHook": false,
                      "skipped": false
                    }
                  ],
                  "suites": [],
                  "passes": [
                    "13e9b5a1-d4a9-424f-8e76-adb238fd565a",
                    "ca126a02-097f-40db-9947-6811e02191a0",
                    "46e98cc6-4b70-4a3c-962c-390071187a23",
                    "7b8713dd-7f06-47ca-8635-6d41035f1aa2"
                  ],
                  "failures": [],
                  "pending": [],
                  "skipped": [],
                  "duration": 34,
                  "root": false,
                  "rootEmpty": false,
                  "_timeout": 120000
                },
                {
                  "uuid": "3a335357-219d-4c00-bc5f-5b8d2394667b",
                  "title": "Forgot Password Page (forgot-password.html)",
                  "fullFile": "C:\\Users\\thanv\\Downloads\\website\\website\\test\\e2e.spec.js",
                  "file": "\\test\\e2e.spec.js",
                  "beforeHooks": [
                    {
                      "title": "\"before all\" hook in \"Forgot Password Page (forgot-password.html)\"",
                      "fullTitle": "UroSmart E2E Selenium Test Suite Functional and Interaction Tests Forgot Password Page (forgot-password.html) \"before all\" hook in \"Forgot Password Page (forgot-password.html)\"",
                      "timedOut": false,
                      "duration": 37,
                      "state": null,
                      "speed": null,
                      "pass": false,
                      "fail": false,
                      "pending": false,
                      "context": null,
                      "code": "await navigateTo('forgot-password.html', false);",
                      "err": {},
                      "uuid": "f07c7faa-7afd-4070-8973-5b0ac1645fa4",
                      "parentUUID": "3a335357-219d-4c00-bc5f-5b8d2394667b",
                      "isHook": true,
                      "skipped": false
                    }
                  ],
                  "afterHooks": [],
                  "tests": [
                    {
                      "title": "should display the email address input field",
                      "fullTitle": "UroSmart E2E Selenium Test Suite Functional and Interaction Tests Forgot Password Page (forgot-password.html) should display the email address input field",
                      "timedOut": false,
                      "duration": 5,
                      "state": "passed",
                      "speed": "fast",
                      "pass": true,
                      "fail": false,
                      "pending": false,
                      "context": null,
                      "code": "const emailField = await driver.findElement(By.id('email'));\nexpect(emailField).to.not.be.null;",
                      "err": {},
                      "uuid": "44e5ed63-2226-427b-82b3-369f0b4a05ce",
                      "parentUUID": "3a335357-219d-4c00-bc5f-5b8d2394667b",
                      "isHook": false,
                      "skipped": false
                    },
                    {
                      "title": "should have placeholder \"enter your email\"",
                      "fullTitle": "UroSmart E2E Selenium Test Suite Functional and Interaction Tests Forgot Password Page (forgot-password.html) should have placeholder \"enter your email\"",
                      "timedOut": false,
                      "duration": 8,
                      "state": "passed",
                      "speed": "fast",
                      "pass": true,
                      "fail": false,
                      "pending": false,
                      "context": null,
                      "code": "const emailField = await driver.findElement(By.id('email'));\nexpect(await emailField.getAttribute('placeholder')).to.equal('enter your email');",
                      "err": {},
                      "uuid": "273f67ab-1cba-4ea1-96d2-c878bf142e84",
                      "parentUUID": "3a335357-219d-4c00-bc5f-5b8d2394667b",
                      "isHook": false,
                      "skipped": false
                    },
                    {
                      "title": "should display submit button",
                      "fullTitle": "UroSmart E2E Selenium Test Suite Functional and Interaction Tests Forgot Password Page (forgot-password.html) should display submit button",
                      "timedOut": false,
                      "duration": 10,
                      "state": "passed",
                      "speed": "fast",
                      "pass": true,
                      "fail": false,
                      "pending": false,
                      "context": null,
                      "code": "const submitBtn = await driver.findElement(By.css('button[type=\"submit\"]'));\nexpect(await submitBtn.isDisplayed()).to.be.true;",
                      "err": {},
                      "uuid": "cac2aed8-34d5-4e3d-b8aa-509d7251a655",
                      "parentUUID": "3a335357-219d-4c00-bc5f-5b8d2394667b",
                      "isHook": false,
                      "skipped": false
                    },
                    {
                      "title": "should show back to login link",
                      "fullTitle": "UroSmart E2E Selenium Test Suite Functional and Interaction Tests Forgot Password Page (forgot-password.html) should show back to login link",
                      "timedOut": false,
                      "duration": 8,
                      "state": "passed",
                      "speed": "fast",
                      "pass": true,
                      "fail": false,
                      "pending": false,
                      "context": null,
                      "code": "const backLink = await driver.findElement(By.css('.signup-footer a'));\nexpect(await backLink.getAttribute('href')).to.include('login.html');",
                      "err": {},
                      "uuid": "93d749df-84d4-42c0-a273-9022a1c1211f",
                      "parentUUID": "3a335357-219d-4c00-bc5f-5b8d2394667b",
                      "isHook": false,
                      "skipped": false
                    }
                  ],
                  "suites": [],
                  "passes": [
                    "44e5ed63-2226-427b-82b3-369f0b4a05ce",
                    "273f67ab-1cba-4ea1-96d2-c878bf142e84",
                    "cac2aed8-34d5-4e3d-b8aa-509d7251a655",
                    "93d749df-84d4-42c0-a273-9022a1c1211f"
                  ],
                  "failures": [],
                  "pending": [],
                  "skipped": [],
                  "duration": 31,
                  "root": false,
                  "rootEmpty": false,
                  "_timeout": 120000
                },
                {
                  "uuid": "2d4ee965-d3b8-490c-acf9-89ec936d8726",
                  "title": "Feedback Page (feedback.html)",
                  "fullFile": "C:\\Users\\thanv\\Downloads\\website\\website\\test\\e2e.spec.js",
                  "file": "\\test\\e2e.spec.js",
                  "beforeHooks": [
                    {
                      "title": "\"before all\" hook in \"Feedback Page (feedback.html)\"",
                      "fullTitle": "UroSmart E2E Selenium Test Suite Functional and Interaction Tests Feedback Page (feedback.html) \"before all\" hook in \"Feedback Page (feedback.html)\"",
                      "timedOut": false,
                      "duration": 1366,
                      "state": null,
                      "speed": null,
                      "pass": false,
                      "fail": false,
                      "pending": false,
                      "context": null,
                      "code": "await navigateTo('feedback.html', true);",
                      "err": {},
                      "uuid": "4d0140e9-0d22-4386-b58b-cf8fc955667c",
                      "parentUUID": "2d4ee965-d3b8-490c-acf9-89ec936d8726",
                      "isHook": true,
                      "skipped": false
                    }
                  ],
                  "afterHooks": [],
                  "tests": [
                    {
                      "title": "should display star rating labels",
                      "fullTitle": "UroSmart E2E Selenium Test Suite Functional and Interaction Tests Feedback Page (feedback.html) should display star rating labels",
                      "timedOut": false,
                      "duration": 8,
                      "state": "passed",
                      "speed": "fast",
                      "pass": true,
                      "fail": false,
                      "pending": false,
                      "context": null,
                      "code": "const stars = await driver.findElements(By.css('.star'));\nexpect(stars.length).to.be.greaterThan(0);",
                      "err": {},
                      "uuid": "662ad1e7-c57a-421b-9ce9-c9760576c574",
                      "parentUUID": "2d4ee965-d3b8-490c-acf9-89ec936d8726",
                      "isHook": false,
                      "skipped": false
                    },
                    {
                      "title": "should display a textarea for written comments",
                      "fullTitle": "UroSmart E2E Selenium Test Suite Functional and Interaction Tests Feedback Page (feedback.html) should display a textarea for written comments",
                      "timedOut": false,
                      "duration": 9,
                      "state": "passed",
                      "speed": "fast",
                      "pass": true,
                      "fail": false,
                      "pending": false,
                      "context": null,
                      "code": "const textarea = await driver.findElement(By.css('textarea'));\nexpect(await textarea.isDisplayed()).to.be.true;",
                      "err": {},
                      "uuid": "0365e37f-1458-45e3-9d58-368358a450e7",
                      "parentUUID": "2d4ee965-d3b8-490c-acf9-89ec936d8726",
                      "isHook": false,
                      "skipped": false
                    },
                    {
                      "title": "should have a comments section container",
                      "fullTitle": "UroSmart E2E Selenium Test Suite Functional and Interaction Tests Feedback Page (feedback.html) should have a comments section container",
                      "timedOut": false,
                      "duration": 9,
                      "state": "passed",
                      "speed": "fast",
                      "pass": true,
                      "fail": false,
                      "pending": false,
                      "context": null,
                      "code": "const commentSection = await driver.findElement(By.css('.comment-section'));\nexpect(await commentSection.isDisplayed()).to.be.true;",
                      "err": {},
                      "uuid": "6eefc2c0-6977-4714-ba30-21c0ca0ee296",
                      "parentUUID": "2d4ee965-d3b8-490c-acf9-89ec936d8726",
                      "isHook": false,
                      "skipped": false
                    },
                    {
                      "title": "should contain a submit button",
                      "fullTitle": "UroSmart E2E Selenium Test Suite Functional and Interaction Tests Feedback Page (feedback.html) should contain a submit button",
                      "timedOut": false,
                      "duration": 8,
                      "state": "passed",
                      "speed": "fast",
                      "pass": true,
                      "fail": false,
                      "pending": false,
                      "context": null,
                      "code": "const submitBtn = await driver.findElement(By.css('.btn-submit'));\nexpect(await submitBtn.isDisplayed()).to.be.true;",
                      "err": {},
                      "uuid": "26359d2c-df94-46b4-bb23-f7d5a8ec7540",
                      "parentUUID": "2d4ee965-d3b8-490c-acf9-89ec936d8726",
                      "isHook": false,
                      "skipped": false
                    }
                  ],
                  "suites": [],
                  "passes": [
                    "662ad1e7-c57a-421b-9ce9-c9760576c574",
                    "0365e37f-1458-45e3-9d58-368358a450e7",
                    "6eefc2c0-6977-4714-ba30-21c0ca0ee296",
                    "26359d2c-df94-46b4-bb23-f7d5a8ec7540"
                  ],
                  "failures": [],
                  "pending": [],
                  "skipped": [],
                  "duration": 34,
                  "root": false,
                  "rootEmpty": false,
                  "_timeout": 120000
                },
                {
                  "uuid": "e728df67-85bd-4ca2-b7ea-1bf74448f309",
                  "title": "Profile Page (profile.html)",
                  "fullFile": "C:\\Users\\thanv\\Downloads\\website\\website\\test\\e2e.spec.js",
                  "file": "\\test\\e2e.spec.js",
                  "beforeHooks": [
                    {
                      "title": "\"before all\" hook in \"Profile Page (profile.html)\"",
                      "fullTitle": "UroSmart E2E Selenium Test Suite Functional and Interaction Tests Profile Page (profile.html) \"before all\" hook in \"Profile Page (profile.html)\"",
                      "timedOut": false,
                      "duration": 40,
                      "state": null,
                      "speed": null,
                      "pass": false,
                      "fail": false,
                      "pending": false,
                      "context": null,
                      "code": "await navigateTo('profile.html', true);",
                      "err": {},
                      "uuid": "49c6c6e4-89ae-44b2-8eb1-c46956714b5b",
                      "parentUUID": "e728df67-85bd-4ca2-b7ea-1bf74448f309",
                      "isHook": true,
                      "skipped": false
                    }
                  ],
                  "afterHooks": [],
                  "tests": [
                    {
                      "title": "should display the user profile avatar icon",
                      "fullTitle": "UroSmart E2E Selenium Test Suite Functional and Interaction Tests Profile Page (profile.html) should display the user profile avatar icon",
                      "timedOut": false,
                      "duration": 11,
                      "state": "passed",
                      "speed": "fast",
                      "pass": true,
                      "fail": false,
                      "pending": false,
                      "context": null,
                      "code": "const avatar = await driver.findElement(By.css('.avatar-large img'));\nexpect(await avatar.isDisplayed()).to.be.true;",
                      "err": {},
                      "uuid": "2cd1ea15-a729-407e-8cdf-63da9428f9d8",
                      "parentUUID": "e728df67-85bd-4ca2-b7ea-1bf74448f309",
                      "isHook": false,
                      "skipped": false
                    },
                    {
                      "title": "should display patient details card",
                      "fullTitle": "UroSmart E2E Selenium Test Suite Functional and Interaction Tests Profile Page (profile.html) should display patient details card",
                      "timedOut": false,
                      "duration": 11,
                      "state": "passed",
                      "speed": "fast",
                      "pass": true,
                      "fail": false,
                      "pending": false,
                      "context": null,
                      "code": "const details = await driver.findElement(By.css('.profile-card'));\nexpect(await details.isDisplayed()).to.be.true;",
                      "err": {},
                      "uuid": "9a6ef376-5777-43f0-adb7-c88f4019aee4",
                      "parentUUID": "e728df67-85bd-4ca2-b7ea-1bf74448f309",
                      "isHook": false,
                      "skipped": false
                    },
                    {
                      "title": "should contain Delete Account button",
                      "fullTitle": "UroSmart E2E Selenium Test Suite Functional and Interaction Tests Profile Page (profile.html) should contain Delete Account button",
                      "timedOut": false,
                      "duration": 10,
                      "state": "passed",
                      "speed": "fast",
                      "pass": true,
                      "fail": false,
                      "pending": false,
                      "context": null,
                      "code": "const deleteBtn = await driver.findElement(By.id('delete-account-btn'));\nexpect(await deleteBtn.isDisplayed()).to.be.true;",
                      "err": {},
                      "uuid": "123ac318-f996-4e6c-8c19-f9c586f80e00",
                      "parentUUID": "e728df67-85bd-4ca2-b7ea-1bf74448f309",
                      "isHook": false,
                      "skipped": false
                    },
                    {
                      "title": "should display user email field",
                      "fullTitle": "UroSmart E2E Selenium Test Suite Functional and Interaction Tests Profile Page (profile.html) should display user email field",
                      "timedOut": false,
                      "duration": 10,
                      "state": "passed",
                      "speed": "fast",
                      "pass": true,
                      "fail": false,
                      "pending": false,
                      "context": null,
                      "code": "const emailBox = await driver.findElement(By.id('user-email'));\nexpect(await emailBox.isDisplayed()).to.be.true;",
                      "err": {},
                      "uuid": "e3f83478-02e2-40e3-a5f6-569160531d14",
                      "parentUUID": "e728df67-85bd-4ca2-b7ea-1bf74448f309",
                      "isHook": false,
                      "skipped": false
                    }
                  ],
                  "suites": [],
                  "passes": [
                    "2cd1ea15-a729-407e-8cdf-63da9428f9d8",
                    "9a6ef376-5777-43f0-adb7-c88f4019aee4",
                    "123ac318-f996-4e6c-8c19-f9c586f80e00",
                    "e3f83478-02e2-40e3-a5f6-569160531d14"
                  ],
                  "failures": [],
                  "pending": [],
                  "skipped": [],
                  "duration": 42,
                  "root": false,
                  "rootEmpty": false,
                  "_timeout": 120000
                }
              ],
              "passes": [],
              "failures": [],
              "pending": [],
              "skipped": [],
              "duration": 0,
              "root": false,
              "rootEmpty": false,
              "_timeout": 120000
            }
          ],
          "passes": [],
          "failures": [],
          "pending": [],
          "skipped": [],
          "duration": 0,
          "root": false,
          "rootEmpty": false,
          "_timeout": 120000
        }
      ],
      "passes": [],
      "failures": [],
      "pending": [],
      "skipped": [],
      "duration": 0,
      "root": true,
      "rootEmpty": true,
      "_timeout": 120000
    }
  ],
  "meta": {
    "mocha": {
      "version": "10.8.2"
    },
    "mochawesome": {
      "options": {
        "quiet": false,
        "reportFilename": "mochawesome",
        "saveHtml": true,
        "saveJson": true,
        "consoleReporter": "spec",
        "useInlineDiffs": false,
        "code": true
      },
      "version": "7.1.4"
    },
    "marge": {
      "options": null,
      "version": "6.3.2"
    }
  }
}